[+] Containers:
 |- [+] Container: /Game/ThirdPerson/Maps/Zip-It
 |   |- [+] ActorDescs:
 |   |   |- Guid:030AB8F4465078F2DBC437B4C480EAF9 BaseClass: NativeClass:/Script/Landscape.LandscapeStreamingProxy Name:LandscapeStreamingProxy_AA7KLQAC4B3KT1ZWX4M0IJZTL_60_2_0_0 Label:LandscapeStreamingProxy_2_0_0 SpatiallyLoaded:1 Bounds:IsValid=true, Min=(X=0.000 Y=-12000.000 Z=0.000), Max=(X=6000.000 Y=-6000.000 Z=200.000) RuntimeGrid:None EditorOnly:0 RuntimeOnly:0 HLODRelevant:1 ListedInSceneOutliner:1 IsMainWorldOnly:0
 |   |   |- Guid:030AFCD14E183C08771CBAA0F7C20460 BaseClass: NativeClass:/Script/Landscape.LandscapeStreamingProxy Name:LandscapeStreamingProxy_AA7KLQAC4B3KT1ZWX4M0IJZTL_60_1_0_0 Label:LandscapeStreamingProxy_1_0_0 SpatiallyLoaded:1 Bounds:IsValid=true, Min=(X=-6000.000 Y=-12000.000 Z=0.000), Max=(X=0.000 Y=-6000.000 Z=200.000) RuntimeGrid:None EditorOnly:0 RuntimeOnly:0 HLODRelevant:1 ListedInSceneOutliner:1 IsMainWorldOnly:0
 |   |   |- Guid:0E65333341F9BE04A52C0DA7C4EFB583 BaseClass: NativeClass:/Script/Landscape.LandscapeStreamingProxy Name:LandscapeStreamingProxy_AA7KLQAC4B3KT1ZWX4M0IJZTL_60_1_1_0 Label:LandscapeStreamingProxy_1_1_0 SpatiallyLoaded:1 Bounds:IsValid=true, Min=(X=-6000.000 Y=-6000.000 Z=0.000), Max=(X=0.000 Y=0.000 Z=200.000) RuntimeGrid:None EditorOnly:0 RuntimeOnly:0 HLODRelevant:1 ListedInSceneOutliner:1 IsMainWorldOnly:0
 |   |   |- Guid:1DE8204A43279664C5F18B82AD7754B5 BaseClass: NativeClass:/Script/Engine.ExponentialHeightFog Name:ExponentialHeightFog_0 Label:ExponentialHeightFog SpatiallyLoaded:0 Bounds:IsValid=true, Min=(X=-5600.000 Y=-50.000 Z=-6850.000), Max=(X=-5600.000 Y=-50.000 Z=-6850.000) RuntimeGrid:None EditorOnly:0 RuntimeOnly:0 HLODRelevant:0 ListedInSceneOutliner:1 IsMainWorldOnly:0 FolderPath:Lighting FolderGuid:963EC3EB4002CCE9759E2EBA541A873A
 |   |   |- Guid:1EAA95564CFB9F3BF51373B835E30A88 BaseClass: NativeClass:/Script/Engine.PostProcessVolume Name:PostProcessVolume_0 Label:PostProcessVolume SpatiallyLoaded:0 Bounds:IsValid=true, Min=(X=0.000 Y=0.000 Z=400.000), Max=(X=200.000 Y=200.000 Z=600.000) RuntimeGrid:None EditorOnly:0 RuntimeOnly:0 HLODRelevant:0 ListedInSceneOutliner:1 IsMainWorldOnly:0 FolderPath:Lighting FolderGuid:963EC3EB4002CCE9759E2EBA541A873A
 |   |   |- Guid:50ADD9844E99CD1059F6D0AB3CCD86AC BaseClass: NativeClass:/Script/Engine.WorldDataLayers Name:WorldDataLayers Label:WorldDataLayers SpatiallyLoaded:0 Bounds:Invalid RuntimeGrid:None EditorOnly:0 RuntimeOnly:0 HLODRelevant:0 ListedInSceneOutliner:1 IsMainWorldOnly:1
 |   |   |- Guid:5494D2BD4D58C34462B1E5AE3D54E10F BaseClass: NativeClass:/Script/Engine.DirectionalLight Name:DirectionalLight_0 Label:DirectionalLight SpatiallyLoaded:0 Bounds:IsValid=true, Min=(X=-4398046511104.000 Y=-4398046511104.000 Z=-4398046511104.000), Max=(X=4398046511104.000 Y=4398046511104.000 Z=4398046511104.000) RuntimeGrid:None EditorOnly:0 RuntimeOnly:0 HLODRelevant:0 ListedInSceneOutliner:1 IsMainWorldOnly:0 FolderPath:Lighting FolderGuid:963EC3EB4002CCE9759E2EBA541A873A
 |   |   |- Guid:74F6FFB4452F769EA7AE2085236367A5 BaseClass: NativeClass:/Script/Landscape.Landscape Name:Landscape_UAID_18C04D36BA56E7DA01_1350718023 Label:Landscape SpatiallyLoaded:0 Bounds:IsValid=true, Min=(X=-12000.000 Y=-12000.000 Z=100.000), Max=(X=-12000.000 Y=-12000.000 Z=100.000) RuntimeGrid:None EditorOnly:0 RuntimeOnly:0 HLODRelevant:0 ListedInSceneOutliner:1 IsMainWorldOnly:0
 |   |   |- Guid:80D23A3941C2E6A92493269584522897 BaseClass: NativeClass:/Script/Landscape.LandscapeStreamingProxy Name:LandscapeStreamingProxy_AA7KLQAC4B3KT1ZWX4M0IJZTL_60_1_3_0 Label:LandscapeStreamingProxy_1_3_0 SpatiallyLoaded:1 Bounds:IsValid=true, Min=(X=-6000.000 Y=6000.000 Z=0.000), Max=(X=0.000 Y=12000.000 Z=200.000) RuntimeGrid:None EditorOnly:0 RuntimeOnly:0 HLODRelevant:1 ListedInSceneOutliner:1 IsMainWorldOnly:0
 |   |   |- Guid:82C7AE2E4E33F47715DD9DBB6EEC01D0 BaseClass: NativeClass:/Script/Landscape.LandscapeStreamingProxy Name:LandscapeStreamingProxy_AA7KLQAC4B3KT1ZWX4M0IJZTL_60_3_2_0 Label:LandscapeStreamingProxy_3_2_0 SpatiallyLoaded:1 Bounds:IsValid=true, Min=(X=6000.000 Y=0.000 Z=0.000), Max=(X=12000.000 Y=6000.000 Z=200.000) RuntimeGrid:None EditorOnly:0 RuntimeOnly:0 HLODRelevant:1 ListedInSceneOutliner:1 IsMainWorldOnly:0
 |   |   |- Guid:83B6941D4E9CFB79E1C16AB7294BDA1B BaseClass: NativeClass:/Script/Engine.PlayerStart Name:PlayerStart_0 Label:PlayerStart SpatiallyLoaded:0 Bounds:IsValid=true, Min=(X=670.000 Y=-410.000 Z=480.013), Max=(X=750.000 Y=-330.000 Z=664.013) RuntimeGrid:None EditorOnly:0 RuntimeOnly:0 HLODRelevant:0 ListedInSceneOutliner:1 IsMainWorldOnly:0 FolderPath:Obstacle_Course FolderGuid:A5AF817D45BE1CC1949530A4147AFAA4
 |   |   |- Guid:978C5983477841AF78FD3A8AF0517F4F BaseClass: NativeClass:/Script/Landscape.LandscapeStreamingProxy Name:LandscapeStreamingProxy_AA7KLQAC4B3KT1ZWX4M0IJZTL_60_0_0_0 Label:LandscapeStreamingProxy_0_0_0 SpatiallyLoaded:1 Bounds:IsValid=true, Min=(X=-12000.000 Y=-12000.000 Z=0.000), Max=(X=-6000.000 Y=-6000.000 Z=200.000) RuntimeGrid:None EditorOnly:0 RuntimeOnly:0 HLODRelevant:1 ListedInSceneOutliner:1 IsMainWorldOnly:0
 |   |   |- Guid:9ED638504906D01351BDAD9959CFA1BA BaseClass: NativeClass:/Script/Landscape.LandscapeStreamingProxy Name:LandscapeStreamingProxy_AA7KLQAC4B3KT1ZWX4M0IJZTL_60_1_2_0 Label:LandscapeStreamingProxy_1_2_0 SpatiallyLoaded:1 Bounds:IsValid=true, Min=(X=-6000.000 Y=0.000 Z=0.000), Max=(X=0.000 Y=6000.000 Z=200.000) RuntimeGrid:None EditorOnly:0 RuntimeOnly:0 HLODRelevant:1 ListedInSceneOutliner:1 IsMainWorldOnly:0
 |   |   |- Guid:AE3FD47B45AC290D5F8A6CA015B773CB BaseClass: NativeClass:/Script/Landscape.LandscapeStreamingProxy Name:LandscapeStreamingProxy_AA7KLQAC4B3KT1ZWX4M0IJZTL_60_0_1_0 Label:LandscapeStreamingProxy_0_1_0 SpatiallyLoaded:1 Bounds:IsValid=true, Min=(X=-12000.000 Y=-6000.000 Z=0.000), Max=(X=-6000.000 Y=0.000 Z=200.000) RuntimeGrid:None EditorOnly:0 RuntimeOnly:0 HLODRelevant:1 ListedInSceneOutliner:1 IsMainWorldOnly:0
 |   |   |- Guid:B09119124719AD63F4D094918D3A4923 BaseClass: NativeClass:/Script/Engine.SkyLight Name:SkyLight_1 Label:SkyLight SpatiallyLoaded:0 Bounds:IsValid=true, Min=(X=0.000 Y=0.000 Z=690.000), Max=(X=0.000 Y=0.000 Z=690.000) RuntimeGrid:None EditorOnly:0 RuntimeOnly:0 HLODRelevant:0 ListedInSceneOutliner:1 IsMainWorldOnly:0 FolderPath:Lighting FolderGuid:963EC3EB4002CCE9759E2EBA541A873A
 |   |   |- Guid:BA0A9D9A494D11351EEAC0B740D3CECF BaseClass: NativeClass:/Script/Landscape.LandscapeStreamingProxy Name:LandscapeStreamingProxy_AA7KLQAC4B3KT1ZWX4M0IJZTL_60_0_3_0 Label:LandscapeStreamingProxy_0_3_0 SpatiallyLoaded:1 Bounds:IsValid=true, Min=(X=-12000.000 Y=6000.000 Z=0.000), Max=(X=-6000.000 Y=12000.000 Z=200.000) RuntimeGrid:None EditorOnly:0 RuntimeOnly:0 HLODRelevant:1 ListedInSceneOutliner:1 IsMainWorldOnly:0
 |   |   |- Guid:C3B67F1E47094F853D16E792DBAE0F63 BaseClass: NativeClass:/Script/Landscape.LandscapeStreamingProxy Name:LandscapeStreamingProxy_AA7KLQAC4B3KT1ZWX4M0IJZTL_60_2_3_0 Label:LandscapeStreamingProxy_2_3_0 SpatiallyLoaded:1 Bounds:IsValid=true, Min=(X=0.000 Y=6000.000 Z=0.000), Max=(X=6000.000 Y=12000.000 Z=200.000) RuntimeGrid:None EditorOnly:0 RuntimeOnly:0 HLODRelevant:1 ListedInSceneOutliner:1 IsMainWorldOnly:0
 |   |   |- Guid:CEFA96DA479E0FC7238642AF7740840F BaseClass: NativeClass:/Script/Landscape.LandscapeStreamingProxy Name:LandscapeStreamingProxy_AA7KLQAC4B3KT1ZWX4M0IJZTL_60_2_2_0 Label:LandscapeStreamingProxy_2_2_0 SpatiallyLoaded:1 Bounds:IsValid=true, Min=(X=0.000 Y=0.000 Z=0.000), Max=(X=6000.000 Y=6000.000 Z=200.000) RuntimeGrid:None EditorOnly:0 RuntimeOnly:0 HLODRelevant:1 ListedInSceneOutliner:1 IsMainWorldOnly:0
 |   |   |- Guid:D535109343C498F085F948BE1A332A8E BaseClass: NativeClass:/Script/Engine.SkyAtmosphere Name:SkyAtmosphere_0 Label:SkyAtmosphere SpatiallyLoaded:0 Bounds:IsValid=true, Min=(X=0.000 Y=0.000 Z=1020.000), Max=(X=0.000 Y=0.000 Z=1020.000) RuntimeGrid:None EditorOnly:0 RuntimeOnly:0 HLODRelevant:0 ListedInSceneOutliner:1 IsMainWorldOnly:0 FolderPath:Lighting FolderGuid:963EC3EB4002CCE9759E2EBA541A873A
 |   |   |- Guid:DA12EB0047834D830FF859BE8E7D24D5 BaseClass: NativeClass:/Script/Landscape.LandscapeStreamingProxy Name:LandscapeStreamingProxy_AA7KLQAC4B3KT1ZWX4M0IJZTL_60_0_2_0 Label:LandscapeStreamingProxy_0_2_0 SpatiallyLoaded:1 Bounds:IsValid=true, Min=(X=-12000.000 Y=0.000 Z=0.000), Max=(X=-6000.000 Y=6000.000 Z=200.000) RuntimeGrid:None EditorOnly:0 RuntimeOnly:0 HLODRelevant:1 ListedInSceneOutliner:1 IsMainWorldOnly:0
 |   |   |- Guid:E025411740A3519CFECE90A742E594F4 BaseClass: NativeClass:/Script/Engine.VolumetricCloud Name:VolumetricCloud_0 Label:VolumetricCloud SpatiallyLoaded:0 Bounds:IsValid=true, Min=(X=0.000 Y=0.000 Z=820.000), Max=(X=0.000 Y=0.000 Z=820.000) RuntimeGrid:None EditorOnly:0 RuntimeOnly:0 HLODRelevant:0 ListedInSceneOutliner:1 IsMainWorldOnly:0 FolderPath:Lighting FolderGuid:963EC3EB4002CCE9759E2EBA541A873A
 |   |   |- Guid:E146EA88414105ABC65EE7A346F6C9F2 BaseClass: NativeClass:/Script/Landscape.LandscapeStreamingProxy Name:LandscapeStreamingProxy_AA7KLQAC4B3KT1ZWX4M0IJZTL_60_3_1_0 Label:LandscapeStreamingProxy_3_1_0 SpatiallyLoaded:1 Bounds:IsValid=true, Min=(X=6000.000 Y=-6000.000 Z=0.000), Max=(X=12000.000 Y=0.000 Z=200.000) RuntimeGrid:None EditorOnly:0 RuntimeOnly:0 HLODRelevant:1 ListedInSceneOutliner:1 IsMainWorldOnly:0
 |   |   |- Guid:F24DFCB14C006797DD84918197F2E2F4 BaseClass: NativeClass:/Script/Engine.StaticMeshActor Name:StaticMeshActor_UAID_A4AE111137DC5EFB00_1110535423 Label:SM_SkySphere SpatiallyLoaded:0 Bounds:IsValid=true, Min=(X=-1638400.000 Y=-1638400.000 Z=-1638400.000), Max=(X=1638400.000 Y=1638400.000 Z=1638400.000) RuntimeGrid:None EditorOnly:0 RuntimeOnly:0 HLODRelevant:1 ListedInSceneOutliner:1 IsMainWorldOnly:0 FolderPath:Lighting FolderGuid:963EC3EB4002CCE9759E2EBA541A873A
 |   |   |- Guid:F523C7FE4449174497430DB31A028A28 BaseClass: NativeClass:/Script/Landscape.LandscapeStreamingProxy Name:LandscapeStreamingProxy_AA7KLQAC4B3KT1ZWX4M0IJZTL_60_3_0_0 Label:LandscapeStreamingProxy_3_0_0 SpatiallyLoaded:1 Bounds:IsValid=true, Min=(X=6000.000 Y=-12000.000 Z=0.000), Max=(X=12000.000 Y=-6000.000 Z=200.000) RuntimeGrid:None EditorOnly:0 RuntimeOnly:0 HLODRelevant:1 ListedInSceneOutliner:1 IsMainWorldOnly:0
 |   |   |- Guid:FA884E954AC0506AD75CC59E11B61019 BaseClass: NativeClass:/Script/Landscape.LandscapeStreamingProxy Name:LandscapeStreamingProxy_AA7KLQAC4B3KT1ZWX4M0IJZTL_60_2_1_0 Label:LandscapeStreamingProxy_2_1_0 SpatiallyLoaded:1 Bounds:IsValid=true, Min=(X=0.000 Y=-6000.000 Z=0.000), Max=(X=6000.000 Y=0.000 Z=200.000) RuntimeGrid:None EditorOnly:0 RuntimeOnly:0 HLODRelevant:1 ListedInSceneOutliner:1 IsMainWorldOnly:0
 |   |   |- Guid:FDC8B7294EC69248D85E58992B4D48EF BaseClass: NativeClass:/Script/Landscape.LandscapeStreamingProxy Name:LandscapeStreamingProxy_AA7KLQAC4B3KT1ZWX4M0IJZTL_60_3_3_0 Label:LandscapeStreamingProxy_3_3_0 SpatiallyLoaded:1 Bounds:IsValid=true, Min=(X=6000.000 Y=6000.000 Z=0.000), Max=(X=12000.000 Y=12000.000 Z=200.000) RuntimeGrid:None EditorOnly:0 RuntimeOnly:0 HLODRelevant:1 ListedInSceneOutliner:1 IsMainWorldOnly:0
 |   |- [+] Clusters:
 |   |   |- [+] [  0]
 |   |   |   |- Guid:030AB8F4465078F2DBC437B4C480EAF9 BaseClass: NativeClass:/Script/Landscape.LandscapeStreamingProxy Name:LandscapeStreamingProxy_AA7KLQAC4B3KT1ZWX4M0IJZTL_60_2_0_0 Label:LandscapeStreamingProxy_2_0_0 SpatiallyLoaded:1 Bounds:IsValid=true, Min=(X=0.000 Y=-12000.000 Z=0.000), Max=(X=6000.000 Y=-6000.000 Z=200.000) RuntimeGrid:None EditorOnly:0 RuntimeOnly:0 HLODRelevant:1 ListedInSceneOutliner:1 IsMainWorldOnly:0
 |   |   |- [+] [  1]
 |   |   |   |- Guid:030AFCD14E183C08771CBAA0F7C20460 BaseClass: NativeClass:/Script/Landscape.LandscapeStreamingProxy Name:LandscapeStreamingProxy_AA7KLQAC4B3KT1ZWX4M0IJZTL_60_1_0_0 Label:LandscapeStreamingProxy_1_0_0 SpatiallyLoaded:1 Bounds:IsValid=true, Min=(X=-6000.000 Y=-12000.000 Z=0.000), Max=(X=0.000 Y=-6000.000 Z=200.000) RuntimeGrid:None EditorOnly:0 RuntimeOnly:0 HLODRelevant:1 ListedInSceneOutliner:1 IsMainWorldOnly:0
 |   |   |- [+] [  2]
 |   |   |   |- Guid:0E65333341F9BE04A52C0DA7C4EFB583 BaseClass: NativeClass:/Script/Landscape.LandscapeStreamingProxy Name:LandscapeStreamingProxy_AA7KLQAC4B3KT1ZWX4M0IJZTL_60_1_1_0 Label:LandscapeStreamingProxy_1_1_0 SpatiallyLoaded:1 Bounds:IsValid=true, Min=(X=-6000.000 Y=-6000.000 Z=0.000), Max=(X=0.000 Y=0.000 Z=200.000) RuntimeGrid:None EditorOnly:0 RuntimeOnly:0 HLODRelevant:1 ListedInSceneOutliner:1 IsMainWorldOnly:0
 |   |   |- [+] [  3]
 |   |   |   |- Guid:1DE8204A43279664C5F18B82AD7754B5 BaseClass: NativeClass:/Script/Engine.ExponentialHeightFog Name:ExponentialHeightFog_0 Label:ExponentialHeightFog SpatiallyLoaded:0 Bounds:IsValid=true, Min=(X=-5600.000 Y=-50.000 Z=-6850.000), Max=(X=-5600.000 Y=-50.000 Z=-6850.000) RuntimeGrid:None EditorOnly:0 RuntimeOnly:0 HLODRelevant:0 ListedInSceneOutliner:1 IsMainWorldOnly:0 FolderPath:Lighting FolderGuid:963EC3EB4002CCE9759E2EBA541A873A
 |   |   |- [+] [  4]
 |   |   |   |- Guid:1EAA95564CFB9F3BF51373B835E30A88 BaseClass: NativeClass:/Script/Engine.PostProcessVolume Name:PostProcessVolume_0 Label:PostProcessVolume SpatiallyLoaded:0 Bounds:IsValid=true, Min=(X=0.000 Y=0.000 Z=400.000), Max=(X=200.000 Y=200.000 Z=600.000) RuntimeGrid:None EditorOnly:0 RuntimeOnly:0 HLODRelevant:0 ListedInSceneOutliner:1 IsMainWorldOnly:0 FolderPath:Lighting FolderGuid:963EC3EB4002CCE9759E2EBA541A873A
 |   |   |- [+] [  5]
 |   |   |   |- Guid:50ADD9844E99CD1059F6D0AB3CCD86AC BaseClass: NativeClass:/Script/Engine.WorldDataLayers Name:WorldDataLayers Label:WorldDataLayers SpatiallyLoaded:0 Bounds:Invalid RuntimeGrid:None EditorOnly:0 RuntimeOnly:0 HLODRelevant:0 ListedInSceneOutliner:1 IsMainWorldOnly:1
 |   |   |- [+] [  6]
 |   |   |   |- Guid:5494D2BD4D58C34462B1E5AE3D54E10F BaseClass: NativeClass:/Script/Engine.DirectionalLight Name:DirectionalLight_0 Label:DirectionalLight SpatiallyLoaded:0 Bounds:IsValid=true, Min=(X=-4398046511104.000 Y=-4398046511104.000 Z=-4398046511104.000), Max=(X=4398046511104.000 Y=4398046511104.000 Z=4398046511104.000) RuntimeGrid:None EditorOnly:0 RuntimeOnly:0 HLODRelevant:0 ListedInSceneOutliner:1 IsMainWorldOnly:0 FolderPath:Lighting FolderGuid:963EC3EB4002CCE9759E2EBA541A873A
 |   |   |- [+] [  7]
 |   |   |   |- Guid:74F6FFB4452F769EA7AE2085236367A5 BaseClass: NativeClass:/Script/Landscape.Landscape Name:Landscape_UAID_18C04D36BA56E7DA01_1350718023 Label:Landscape SpatiallyLoaded:0 Bounds:IsValid=true, Min=(X=-12000.000 Y=-12000.000 Z=100.000), Max=(X=-12000.000 Y=-12000.000 Z=100.000) RuntimeGrid:None EditorOnly:0 RuntimeOnly:0 HLODRelevant:0 ListedInSceneOutliner:1 IsMainWorldOnly:0
 |   |   |- [+] [  8]
 |   |   |   |- Guid:80D23A3941C2E6A92493269584522897 BaseClass: NativeClass:/Script/Landscape.LandscapeStreamingProxy Name:LandscapeStreamingProxy_AA7KLQAC4B3KT1ZWX4M0IJZTL_60_1_3_0 Label:LandscapeStreamingProxy_1_3_0 SpatiallyLoaded:1 Bounds:IsValid=true, Min=(X=-6000.000 Y=6000.000 Z=0.000), Max=(X=0.000 Y=12000.000 Z=200.000) RuntimeGrid:None EditorOnly:0 RuntimeOnly:0 HLODRelevant:1 ListedInSceneOutliner:1 IsMainWorldOnly:0
 |   |   |- [+] [  9]
 |   |   |   |- Guid:82C7AE2E4E33F47715DD9DBB6EEC01D0 BaseClass: NativeClass:/Script/Landscape.LandscapeStreamingProxy Name:LandscapeStreamingProxy_AA7KLQAC4B3KT1ZWX4M0IJZTL_60_3_2_0 Label:LandscapeStreamingProxy_3_2_0 SpatiallyLoaded:1 Bounds:IsValid=true, Min=(X=6000.000 Y=0.000 Z=0.000), Max=(X=12000.000 Y=6000.000 Z=200.000) RuntimeGrid:None EditorOnly:0 RuntimeOnly:0 HLODRelevant:1 ListedInSceneOutliner:1 IsMainWorldOnly:0
 |   |   |- [+] [ 10]
 |   |   |   |- Guid:83B6941D4E9CFB79E1C16AB7294BDA1B BaseClass: NativeClass:/Script/Engine.PlayerStart Name:PlayerStart_0 Label:PlayerStart SpatiallyLoaded:0 Bounds:IsValid=true, Min=(X=670.000 Y=-410.000 Z=480.013), Max=(X=750.000 Y=-330.000 Z=664.013) RuntimeGrid:None EditorOnly:0 RuntimeOnly:0 HLODRelevant:0 ListedInSceneOutliner:1 IsMainWorldOnly:0 FolderPath:Obstacle_Course FolderGuid:A5AF817D45BE1CC1949530A4147AFAA4
 |   |   |- [+] [ 11]
 |   |   |   |- Guid:978C5983477841AF78FD3A8AF0517F4F BaseClass: NativeClass:/Script/Landscape.LandscapeStreamingProxy Name:LandscapeStreamingProxy_AA7KLQAC4B3KT1ZWX4M0IJZTL_60_0_0_0 Label:LandscapeStreamingProxy_0_0_0 SpatiallyLoaded:1 Bounds:IsValid=true, Min=(X=-12000.000 Y=-12000.000 Z=0.000), Max=(X=-6000.000 Y=-6000.000 Z=200.000) RuntimeGrid:None EditorOnly:0 RuntimeOnly:0 HLODRelevant:1 ListedInSceneOutliner:1 IsMainWorldOnly:0
 |   |   |- [+] [ 12]
 |   |   |   |- Guid:9ED638504906D01351BDAD9959CFA1BA BaseClass: NativeClass:/Script/Landscape.LandscapeStreamingProxy Name:LandscapeStreamingProxy_AA7KLQAC4B3KT1ZWX4M0IJZTL_60_1_2_0 Label:LandscapeStreamingProxy_1_2_0 SpatiallyLoaded:1 Bounds:IsValid=true, Min=(X=-6000.000 Y=0.000 Z=0.000), Max=(X=0.000 Y=6000.000 Z=200.000) RuntimeGrid:None EditorOnly:0 RuntimeOnly:0 HLODRelevant:1 ListedInSceneOutliner:1 IsMainWorldOnly:0
 |   |   |- [+] [ 13]
 |   |   |   |- Guid:AE3FD47B45AC290D5F8A6CA015B773CB BaseClass: NativeClass:/Script/Landscape.LandscapeStreamingProxy Name:LandscapeStreamingProxy_AA7KLQAC4B3KT1ZWX4M0IJZTL_60_0_1_0 Label:LandscapeStreamingProxy_0_1_0 SpatiallyLoaded:1 Bounds:IsValid=true, Min=(X=-12000.000 Y=-6000.000 Z=0.000), Max=(X=-6000.000 Y=0.000 Z=200.000) RuntimeGrid:None EditorOnly:0 RuntimeOnly:0 HLODRelevant:1 ListedInSceneOutliner:1 IsMainWorldOnly:0
 |   |   |- [+] [ 14]
 |   |   |   |- Guid:B09119124719AD63F4D094918D3A4923 BaseClass: NativeClass:/Script/Engine.SkyLight Name:SkyLight_1 Label:SkyLight SpatiallyLoaded:0 Bounds:IsValid=true, Min=(X=0.000 Y=0.000 Z=690.000), Max=(X=0.000 Y=0.000 Z=690.000) RuntimeGrid:None EditorOnly:0 RuntimeOnly:0 HLODRelevant:0 ListedInSceneOutliner:1 IsMainWorldOnly:0 FolderPath:Lighting FolderGuid:963EC3EB4002CCE9759E2EBA541A873A
 |   |   |- [+] [ 15]
 |   |   |   |- Guid:BA0A9D9A494D11351EEAC0B740D3CECF BaseClass: NativeClass:/Script/Landscape.LandscapeStreamingProxy Name:LandscapeStreamingProxy_AA7KLQAC4B3KT1ZWX4M0IJZTL_60_0_3_0 Label:LandscapeStreamingProxy_0_3_0 SpatiallyLoaded:1 Bounds:IsValid=true, Min=(X=-12000.000 Y=6000.000 Z=0.000), Max=(X=-6000.000 Y=12000.000 Z=200.000) RuntimeGrid:None EditorOnly:0 RuntimeOnly:0 HLODRelevant:1 ListedInSceneOutliner:1 IsMainWorldOnly:0
 |   |   |- [+] [ 16]
 |   |   |   |- Guid:C3B67F1E47094F853D16E792DBAE0F63 BaseClass: NativeClass:/Script/Landscape.LandscapeStreamingProxy Name:LandscapeStreamingProxy_AA7KLQAC4B3KT1ZWX4M0IJZTL_60_2_3_0 Label:LandscapeStreamingProxy_2_3_0 SpatiallyLoaded:1 Bounds:IsValid=true, Min=(X=0.000 Y=6000.000 Z=0.000), Max=(X=6000.000 Y=12000.000 Z=200.000) RuntimeGrid:None EditorOnly:0 RuntimeOnly:0 HLODRelevant:1 ListedInSceneOutliner:1 IsMainWorldOnly:0
 |   |   |- [+] [ 17]
 |   |   |   |- Guid:CEFA96DA479E0FC7238642AF7740840F BaseClass: NativeClass:/Script/Landscape.LandscapeStreamingProxy Name:LandscapeStreamingProxy_AA7KLQAC4B3KT1ZWX4M0IJZTL_60_2_2_0 Label:LandscapeStreamingProxy_2_2_0 SpatiallyLoaded:1 Bounds:IsValid=true, Min=(X=0.000 Y=0.000 Z=0.000), Max=(X=6000.000 Y=6000.000 Z=200.000) RuntimeGrid:None EditorOnly:0 RuntimeOnly:0 HLODRelevant:1 ListedInSceneOutliner:1 IsMainWorldOnly:0
 |   |   |- [+] [ 18]
 |   |   |   |- Guid:D535109343C498F085F948BE1A332A8E BaseClass: NativeClass:/Script/Engine.SkyAtmosphere Name:SkyAtmosphere_0 Label:SkyAtmosphere SpatiallyLoaded:0 Bounds:IsValid=true, Min=(X=0.000 Y=0.000 Z=1020.000), Max=(X=0.000 Y=0.000 Z=1020.000) RuntimeGrid:None EditorOnly:0 RuntimeOnly:0 HLODRelevant:0 ListedInSceneOutliner:1 IsMainWorldOnly:0 FolderPath:Lighting FolderGuid:963EC3EB4002CCE9759E2EBA541A873A
 |   |   |- [+] [ 19]
 |   |   |   |- Guid:DA12EB0047834D830FF859BE8E7D24D5 BaseClass: NativeClass:/Script/Landscape.LandscapeStreamingProxy Name:LandscapeStreamingProxy_AA7KLQAC4B3KT1ZWX4M0IJZTL_60_0_2_0 Label:LandscapeStreamingProxy_0_2_0 SpatiallyLoaded:1 Bounds:IsValid=true, Min=(X=-12000.000 Y=0.000 Z=0.000), Max=(X=-6000.000 Y=6000.000 Z=200.000) RuntimeGrid:None EditorOnly:0 RuntimeOnly:0 HLODRelevant:1 ListedInSceneOutliner:1 IsMainWorldOnly:0
 |   |   |- [+] [ 20]
 |   |   |   |- Guid:E025411740A3519CFECE90A742E594F4 BaseClass: NativeClass:/Script/Engine.VolumetricCloud Name:VolumetricCloud_0 Label:VolumetricCloud SpatiallyLoaded:0 Bounds:IsValid=true, Min=(X=0.000 Y=0.000 Z=820.000), Max=(X=0.000 Y=0.000 Z=820.000) RuntimeGrid:None EditorOnly:0 RuntimeOnly:0 HLODRelevant:0 ListedInSceneOutliner:1 IsMainWorldOnly:0 FolderPath:Lighting FolderGuid:963EC3EB4002CCE9759E2EBA541A873A
 |   |   |- [+] [ 21]
 |   |   |   |- Guid:E146EA88414105ABC65EE7A346F6C9F2 BaseClass: NativeClass:/Script/Landscape.LandscapeStreamingProxy Name:LandscapeStreamingProxy_AA7KLQAC4B3KT1ZWX4M0IJZTL_60_3_1_0 Label:LandscapeStreamingProxy_3_1_0 SpatiallyLoaded:1 Bounds:IsValid=true, Min=(X=6000.000 Y=-6000.000 Z=0.000), Max=(X=12000.000 Y=0.000 Z=200.000) RuntimeGrid:None EditorOnly:0 RuntimeOnly:0 HLODRelevant:1 ListedInSceneOutliner:1 IsMainWorldOnly:0
 |   |   |- [+] [ 22]
 |   |   |   |- Guid:F24DFCB14C006797DD84918197F2E2F4 BaseClass: NativeClass:/Script/Engine.StaticMeshActor Name:StaticMeshActor_UAID_A4AE111137DC5EFB00_1110535423 Label:SM_SkySphere SpatiallyLoaded:0 Bounds:IsValid=true, Min=(X=-1638400.000 Y=-1638400.000 Z=-1638400.000), Max=(X=1638400.000 Y=1638400.000 Z=1638400.000) RuntimeGrid:None EditorOnly:0 RuntimeOnly:0 HLODRelevant:1 ListedInSceneOutliner:1 IsMainWorldOnly:0 FolderPath:Lighting FolderGuid:963EC3EB4002CCE9759E2EBA541A873A
 |   |   |- [+] [ 23]
 |   |   |   |- Guid:F523C7FE4449174497430DB31A028A28 BaseClass: NativeClass:/Script/Landscape.LandscapeStreamingProxy Name:LandscapeStreamingProxy_AA7KLQAC4B3KT1ZWX4M0IJZTL_60_3_0_0 Label:LandscapeStreamingProxy_3_0_0 SpatiallyLoaded:1 Bounds:IsValid=true, Min=(X=6000.000 Y=-12000.000 Z=0.000), Max=(X=12000.000 Y=-6000.000 Z=200.000) RuntimeGrid:None EditorOnly:0 RuntimeOnly:0 HLODRelevant:1 ListedInSceneOutliner:1 IsMainWorldOnly:0
 |   |   |- [+] [ 24]
 |   |   |   |- Guid:FA884E954AC0506AD75CC59E11B61019 BaseClass: NativeClass:/Script/Landscape.LandscapeStreamingProxy Name:LandscapeStreamingProxy_AA7KLQAC4B3KT1ZWX4M0IJZTL_60_2_1_0 Label:LandscapeStreamingProxy_2_1_0 SpatiallyLoaded:1 Bounds:IsValid=true, Min=(X=0.000 Y=-6000.000 Z=0.000), Max=(X=6000.000 Y=0.000 Z=200.000) RuntimeGrid:None EditorOnly:0 RuntimeOnly:0 HLODRelevant:1 ListedInSceneOutliner:1 IsMainWorldOnly:0
 |   |   |- [+] [ 25]
 |   |   |   |- Guid:FDC8B7294EC69248D85E58992B4D48EF BaseClass: NativeClass:/Script/Landscape.LandscapeStreamingProxy Name:LandscapeStreamingProxy_AA7KLQAC4B3KT1ZWX4M0IJZTL_60_3_3_0 Label:LandscapeStreamingProxy_3_3_0 SpatiallyLoaded:1 Bounds:IsValid=true, Min=(X=6000.000 Y=6000.000 Z=0.000), Max=(X=12000.000 Y=12000.000 Z=200.000) RuntimeGrid:None EditorOnly:0 RuntimeOnly:0 HLODRelevant:1 ListedInSceneOutliner:1 IsMainWorldOnly:0
 |- ContainerInstances:
 |- [+] MainContainer:
 |   |-        ID: 00000000000000000000000000000000
 |   |-  ParentID: 00000000000000000000000000000000
 |   |-    Bounds: IsValid=false, Min=(X=0.000 Y=0.000 Z=0.000), Max=(X=0.000 Y=0.000 Z=0.000)
 |   |- Transform: 0.000000,0.000000,0.000000|0.000000,0.000000,-0.000000|1.000000,1.000000,1.000000
 |   |- Container: /Game/ThirdPerson/Maps/Zip-It
----------------------------------------------------------------------------------------------------------------
Zip-It - Persistent Level
----------------------------------------------------------------------------------------------------------------
[+] Content of Zip-It Persistent Level
 |- Always loaded Actor Count: 34 
 |- Actor Path: /Game/ThirdPerson/Maps/Zip-It.Zip-It:PersistentLevel.AbstractNavData-Default
 |- Actor Package: /Game/ThirdPerson/Maps/Zip-It
 |- Actor Path: /Game/ThirdPerson/Maps/Zip-It.Zip-It:PersistentLevel.Brush_0
 |- Actor Package: /Game/ThirdPerson/Maps/Zip-It
 |- Actor Path: /Game/ThirdPerson/Maps/Zip-It.Zip-It:PersistentLevel.DefaultPhysicsVolume_0
 |- Actor Package: /Game/ThirdPerson/Maps/Zip-It
 |- Actor Path: /Game/ThirdPerson/Maps/Zip-It.Zip-It:PersistentLevel.DirectionalLight_0
 |- Actor Package: /Game/__ExternalActors__/ThirdPerson/Maps/Zip-It/A/L5/AC34GAGZWRT8JDZGRLMDWX
 |- Actor Path: /Game/ThirdPerson/Maps/Zip-It.Zip-It:PersistentLevel.ExponentialHeightFog_0
 |- Actor Package: /Game/__ExternalActors__/ThirdPerson/Maps/Zip-It/0/7S/3KNQG8VOEHLTXZOF4JX521
 |- Actor Path: /Game/ThirdPerson/Maps/Zip-It.Zip-It:PersistentLevel.GameplayDebuggerPlayerManager_0
 |- Actor Package: /Game/ThirdPerson/Maps/Zip-It
 |- Actor Path: /Game/ThirdPerson/Maps/Zip-It.Zip-It:PersistentLevel.Landscape_UAID_18C04D36BA56E7DA01_1350718023
 |- Actor Package: /Game/__ExternalActors__/ThirdPerson/Maps/Zip-It/F/0R/2TSD2P4XF02UBND5H48HCT
 |- Actor Path: /Game/ThirdPerson/Maps/Zip-It.Zip-It:PersistentLevel.LandscapeGizmoActiveActor_0
 |- Actor Package: /Game/ThirdPerson/Maps/Zip-It
 |- Actor Path: /Game/ThirdPerson/Maps/Zip-It.Zip-It:PersistentLevel.LandscapeStreamingProxy_AA7KLQAC4B3KT1ZWX4M0IJZTL_60_0_0_0
 |- Actor Package: /Game/__ExternalActors__/ThirdPerson/Maps/Zip-It/9/TV/ZR6F31LPW9RP4AYAZCKU55
 |- Actor Path: /Game/ThirdPerson/Maps/Zip-It.Zip-It:PersistentLevel.LandscapeStreamingProxy_AA7KLQAC4B3KT1ZWX4M0IJZTL_60_0_1_0
 |- Actor Package: /Game/__ExternalActors__/ThirdPerson/Maps/Zip-It/7/X3/MB9A7OT3U5XVEQB4IIKPY6
 |- Actor Path: /Game/ThirdPerson/Maps/Zip-It.Zip-It:PersistentLevel.LandscapeStreamingProxy_AA7KLQAC4B3KT1ZWX4M0IJZTL_60_0_2_0
 |- Actor Package: /Game/__ExternalActors__/ThirdPerson/Maps/Zip-It/4/89/BWZCW36NDMGXRFO577SO95
 |- Actor Path: /Game/ThirdPerson/Maps/Zip-It.Zip-It:PersistentLevel.LandscapeStreamingProxy_AA7KLQAC4B3KT1ZWX4M0IJZTL_60_0_3_0
 |- Actor Package: /Game/__ExternalActors__/ThirdPerson/Maps/Zip-It/6/PK/3KVFGZF3YM51A1R68WRIBW
 |- Actor Path: /Game/ThirdPerson/Maps/Zip-It.Zip-It:PersistentLevel.LandscapeStreamingProxy_AA7KLQAC4B3KT1ZWX4M0IJZTL_60_1_0_0
 |- Actor Package: /Game/__ExternalActors__/ThirdPerson/Maps/Zip-It/7/SL/YOKSU32JVLAY4AY713HXWP
 |- Actor Path: /Game/ThirdPerson/Maps/Zip-It.Zip-It:PersistentLevel.LandscapeStreamingProxy_AA7KLQAC4B3KT1ZWX4M0IJZTL_60_1_1_0
 |- Actor Package: /Game/__ExternalActors__/ThirdPerson/Maps/Zip-It/B/B1/MESY0MO3Y2ASXPYA912F3M
 |- Actor Path: /Game/ThirdPerson/Maps/Zip-It.Zip-It:PersistentLevel.LandscapeStreamingProxy_AA7KLQAC4B3KT1ZWX4M0IJZTL_60_1_2_0
 |- Actor Package: /Game/__ExternalActors__/ThirdPerson/Maps/Zip-It/1/GB/5PMZFRF10RBIW6S01DYAJB
 |- Actor Path: /Game/ThirdPerson/Maps/Zip-It.Zip-It:PersistentLevel.LandscapeStreamingProxy_AA7KLQAC4B3KT1ZWX4M0IJZTL_60_1_3_0
 |- Actor Package: /Game/__ExternalActors__/ThirdPerson/Maps/Zip-It/8/TL/BUCV76BIN2VNQUMB8O8R6T
 |- Actor Path: /Game/ThirdPerson/Maps/Zip-It.Zip-It:PersistentLevel.LandscapeStreamingProxy_AA7KLQAC4B3KT1ZWX4M0IJZTL_60_2_0_0
 |- Actor Package: /Game/__ExternalActors__/ThirdPerson/Maps/Zip-It/6/ED/W9VP2V8HKGW1G9MC47W8O4
 |- Actor Path: /Game/ThirdPerson/Maps/Zip-It.Zip-It:PersistentLevel.LandscapeStreamingProxy_AA7KLQAC4B3KT1ZWX4M0IJZTL_60_2_1_0
 |- Actor Package: /Game/__ExternalActors__/ThirdPerson/Maps/Zip-It/A/CL/SLDA2GFIJW8ANT3C4AJUDX
 |- Actor Path: /Game/ThirdPerson/Maps/Zip-It.Zip-It:PersistentLevel.LandscapeStreamingProxy_AA7KLQAC4B3KT1ZWX4M0IJZTL_60_2_2_0
 |- Actor Package: /Game/__ExternalActors__/ThirdPerson/Maps/Zip-It/8/6L/JBQGAW09AZ12Y23L1FLOAQ
 |- Actor Path: /Game/ThirdPerson/Maps/Zip-It.Zip-It:PersistentLevel.LandscapeStreamingProxy_AA7KLQAC4B3KT1ZWX4M0IJZTL_60_2_3_0
 |- Actor Package: /Game/__ExternalActors__/ThirdPerson/Maps/Zip-It/C/NA/UR9AC0GLHC2YS5RYSE1L6W
 |- Actor Path: /Game/ThirdPerson/Maps/Zip-It.Zip-It:PersistentLevel.LandscapeStreamingProxy_AA7KLQAC4B3KT1ZWX4M0IJZTL_60_3_0_0
 |- Actor Package: /Game/__ExternalActors__/ThirdPerson/Maps/Zip-It/4/IO/XWTCRARRDURGUR898RO3R9
 |- Actor Path: /Game/ThirdPerson/Maps/Zip-It.Zip-It:PersistentLevel.LandscapeStreamingProxy_AA7KLQAC4B3KT1ZWX4M0IJZTL_60_3_1_0
 |- Actor Package: /Game/__ExternalActors__/ThirdPerson/Maps/Zip-It/7/O9/WI7M3NHE4V76BQ3FA72BMV
 |- Actor Path: /Game/ThirdPerson/Maps/Zip-It.Zip-It:PersistentLevel.LandscapeStreamingProxy_AA7KLQAC4B3KT1ZWX4M0IJZTL_60_3_2_0
 |- Actor Package: /Game/__ExternalActors__/ThirdPerson/Maps/Zip-It/9/7R/1LJ6YKYIFKQXA9UESE0C1U
 |- Actor Path: /Game/ThirdPerson/Maps/Zip-It.Zip-It:PersistentLevel.LandscapeStreamingProxy_AA7KLQAC4B3KT1ZWX4M0IJZTL_60_3_3_0
 |- Actor Package: /Game/__ExternalActors__/ThirdPerson/Maps/Zip-It/7/73/XEG3X9ZUT96RB67RARECHY
 |- Actor Path: /Game/ThirdPerson/Maps/Zip-It.Zip-It:PersistentLevel.PlayerStart_0
 |- Actor Package: /Game/__ExternalActors__/ThirdPerson/Maps/Zip-It/7/Y2/0WTCGA8AWU1OKD8CEI3U02
 |- Actor Path: /Game/ThirdPerson/Maps/Zip-It.Zip-It:PersistentLevel.PostProcessVolume_0
 |- Actor Package: /Game/__ExternalActors__/ThirdPerson/Maps/Zip-It/5/WY/07FN1OS42IP25E8QX4ZA1J
 |- Actor Path: /Game/ThirdPerson/Maps/Zip-It.Zip-It:PersistentLevel.SkyAtmosphere_0
 |- Actor Package: /Game/__ExternalActors__/ThirdPerson/Maps/Zip-It/D/HF/MOFDXVYYWW9NPSRNJUWTKA
 |- Actor Path: /Game/ThirdPerson/Maps/Zip-It.Zip-It:PersistentLevel.SkyLight_1
 |- Actor Package: /Game/__ExternalActors__/ThirdPerson/Maps/Zip-It/A/5Z/SMHN2XCCZI2NV1ULTZHS6I
 |- Actor Path: /Game/ThirdPerson/Maps/Zip-It.Zip-It:PersistentLevel.StaticMeshActor_UAID_A4AE111137DC5EFB00_1110535423
 |- Actor Package: /Game/__ExternalActors__/ThirdPerson/Maps/Zip-It/0/L3/K6HXD92W90ADCPAPE2APT1
 |- Actor Path: /Game/ThirdPerson/Maps/Zip-It.Zip-It:PersistentLevel.ThirdPersonMap1_C_1
 |- Actor Package: /Game/ThirdPerson/Maps/Zip-It
 |- Actor Path: /Game/ThirdPerson/Maps/Zip-It.Zip-It:PersistentLevel.VolumetricCloud_0
 |- Actor Package: /Game/__ExternalActors__/ThirdPerson/Maps/Zip-It/E/9G/5HV8NQH5QAUOL9IWW7I8H2
 |- Actor Path: /Game/ThirdPerson/Maps/Zip-It.Zip-It:PersistentLevel.WorldDataLayers
 |- Actor Package: /Game/__ExternalActors__/ThirdPerson/Maps/Zip-It/7/AK/GTWJ0PQA093S49UAX5PPY9
 |- Actor Path: /Game/ThirdPerson/Maps/Zip-It.Zip-It:PersistentLevel.WorldInfo_0
 |- Actor Package: /Game/ThirdPerson/Maps/Zip-It
 |- Actor Path: /Game/ThirdPerson/Maps/Zip-It.Zip-It:PersistentLevel.WorldPartitionMiniMap_0
 |- Actor Package: /Game/__ExternalActors__/ThirdPerson/Maps/Zip-It/1/TE/U09QAS8C48QUVALEIHGO0T

----------------------------------------------------------------------------------------------------------------
Zip-It - Runtime Spatial Hash - Streaming Grid - MainGrid
----------------------------------------------------------------------------------------------------------------
            Origin: X=0.000 Y=0.000 Z=0.000
         Cell Size: 12800
      World Bounds: IsValid=false, Min=(X=0.000 Y=0.000 Z=0.000), Max=(X=0.000 Y=0.000 Z=0.000)
     Loading Range: 25600.00
Block Slow Loading: No
 ClientOnlyVisible: No
            Origin: X=0.000 Y=0.000 Z=0.000

[+] Grid Levels: 1
 |- Level  0: Cell Count    0 | Cell Size   12800 | Actor Count    0 (0.0%)

[+] Content of Grid Level 0

