[+] Containers:
 |- [+] Container: /Game/ThirdPerson/Maps/ThirdPersonMap
 |   |- [+] ActorDescs:
 |   |   |- Guid:1D3101154D6BAEDD04D5E68744164E09 BaseClass: NativeClass:/Script/Engine.StaticMeshActor Name:StaticMeshActor_UAID_18C04D36BA5636D501_2039393594 Label:Lvl1_Platform_6 SpatiallyLoaded:1 Bounds:IsValid=true, Min=(X=-2222.301 Y=-359.102 Z=2067.500), Max=(X=-1117.699 Y=579.102 Z=2092.500) RuntimeGrid:None EditorOnly:0 RuntimeOnly:0 HLODRelevant:1 ListedInSceneOutliner:1 IsMainWorldOnly:0 FolderPath:Obstacle_Course/Level_2 FolderGuid:2B49967F40F886F51A2B13B0A5067521
 |   |   |- Guid:2064948044031433C64AE3B1D05EFCF3 BaseClass: NativeClass:/Script/Engine.StaticMeshActor Name:StaticMeshActor_UAID_18C04D36BA56EDD401_1839608745 Label:Lvl1_Trampoline_1 SpatiallyLoaded:1 Bounds:IsValid=true, Min=(X=610.000 Y=1010.000 Z=485.000), Max=(X=810.000 Y=1210.000 Z=535.000) RuntimeGrid:None EditorOnly:0 RuntimeOnly:0 HLODRelevant:1 ListedInSceneOutliner:1 IsMainWorldOnly:0 FolderPath:Obstacle_Course/Level_1/Interactable FolderGuid:DFA96A9F4B1DC822422556B8EF1E1660
 |   |   |- Guid:2F54C1124C4B6BEA6995D18316E6EC04 BaseClass: NativeClass:/Script/Engine.StaticMeshActor Name:StaticMeshActor_UAID_18C04D36BA56EDD401_1972941749 Label:Lvl1_Platform_3 SpatiallyLoaded:1 Bounds:IsValid=true, Min=(X=-322.622 Y=2998.913 Z=467.500), Max=(X=382.622 Y=3481.087 Z=492.500) RuntimeGrid:None EditorOnly:0 RuntimeOnly:0 HLODRelevant:1 ListedInSceneOutliner:1 IsMainWorldOnly:0 FolderPath:Obstacle_Course/Level_1/Platforms FolderGuid:46CA6E664B5AAB9F91787AA1872DCC3F
 |   |   |- Guid:2FB58999456391D349DC0F86DAC136ED BaseClass: NativeClass:/Script/Engine.SkyLight Name:SkyLight_1 Label:SkyLight SpatiallyLoaded:0 Bounds:IsValid=true, Min=(X=0.000 Y=0.000 Z=690.000), Max=(X=0.000 Y=0.000 Z=690.000) RuntimeGrid:None EditorOnly:0 RuntimeOnly:0 HLODRelevant:0 ListedInSceneOutliner:1 IsMainWorldOnly:0 FolderPath:Lighting FolderGuid:963EC3EB4002CCE9759E2EBA541A873A
 |   |   |- Guid:316CF2A6494ACA4C0E4180A87D36AB8F BaseClass: NativeClass:/Script/Engine.ExponentialHeightFog Name:ExponentialHeightFog_0 Label:ExponentialHeightFog SpatiallyLoaded:0 Bounds:IsValid=true, Min=(X=-5600.000 Y=-50.000 Z=-6850.000), Max=(X=-5600.000 Y=-50.000 Z=-6850.000) RuntimeGrid:None EditorOnly:0 RuntimeOnly:0 HLODRelevant:0 ListedInSceneOutliner:1 IsMainWorldOnly:0 FolderPath:Lighting FolderGuid:963EC3EB4002CCE9759E2EBA541A873A
 |   |   |- Guid:324EB5EC4C6BB5E7008E50917E4C37F9 BaseClass: NativeClass:/Script/Engine.StaticMeshActor Name:StaticMeshActor_UAID_18C04D36BA56EDD401_1816194744 Label:Lvl1_Wall_2 SpatiallyLoaded:1 Bounds:IsValid=true, Min=(X=522.500 Y=700.000 Z=490.000), Max=(X=897.500 Y=800.000 Z=590.000) RuntimeGrid:None EditorOnly:0 RuntimeOnly:0 HLODRelevant:1 ListedInSceneOutliner:1 IsMainWorldOnly:0 FolderPath:Obstacle_Course/Level_1/Obstacles/Walls FolderGuid:AFBA95214DDE3CA9F94CCA8266BD3B2E
 |   |   |- Guid:33C6E6614049FC81997C3A850E4DBE8C BaseClass: NativeClass:/Script/Engine.StaticMeshActor Name:StaticMeshActor_UAID_18C04D36BA56EDD401_1996414750 Label:Lvl1_Obstacle SpatiallyLoaded:1 Bounds:IsValid=true, Min=(X=642.500 Y=3052.500 Z=487.500), Max=(X=817.500 Y=3227.500 Z=812.500) RuntimeGrid:None EditorOnly:0 RuntimeOnly:0 HLODRelevant:1 ListedInSceneOutliner:1 IsMainWorldOnly:0 FolderPath:Obstacle_Course/Level_1/Obstacles/Animated FolderGuid:186A9AF247AD691C8CDF0DA45DE3F915
 |   |   |- Guid:3A00AA1C422CE54C0BDB60BAF471BFBB BaseClass: NativeClass:/Script/Engine.PlayerStart Name:PlayerStart_0 Label:PlayerStart SpatiallyLoaded:0 Bounds:IsValid=true, Min=(X=670.000 Y=-410.000 Z=480.013), Max=(X=750.000 Y=-330.000 Z=664.013) RuntimeGrid:None EditorOnly:0 RuntimeOnly:0 HLODRelevant:0 ListedInSceneOutliner:1 IsMainWorldOnly:0 FolderPath:Obstacle_Course FolderGuid:A5AF817D45BE1CC1949530A4147AFAA4
 |   |   |- Guid:4A266EB2490A127BD9E35585D9D36C62 BaseClass: NativeClass:/Script/Engine.StaticMeshActor Name:StaticMeshActor_UAID_18C04D36BA56E9D401_1744842040 Label:Lvl1_Platform_1 SpatiallyLoaded:1 Bounds:IsValid=true, Min=(X=522.500 Y=-670.000 Z=467.500), Max=(X=897.500 Y=1330.000 Z=492.500) RuntimeGrid:None EditorOnly:0 RuntimeOnly:0 HLODRelevant:1 ListedInSceneOutliner:1 IsMainWorldOnly:0 FolderPath:Obstacle_Course/Level_1/Platforms FolderGuid:46CA6E664B5AAB9F91787AA1872DCC3F
 |   |   |- Guid:4D2DA31C4E5C9AE45200439E5869A466 BaseClass: NativeClass:/Script/Engine.StaticMeshActor Name:StaticMeshActor_UAID_18C04D36BA56EDD401_2123139753 Label:Lvl1_Platform_4 SpatiallyLoaded:1 Bounds:IsValid=true, Min=(X=-1873.365 Y=2117.620 Z=467.500), Max=(X=-646.635 Y=3042.380 Z=492.500) RuntimeGrid:None EditorOnly:0 RuntimeOnly:0 HLODRelevant:1 ListedInSceneOutliner:1 IsMainWorldOnly:0 FolderPath:Obstacle_Course/Level_1/Platforms FolderGuid:46CA6E664B5AAB9F91787AA1872DCC3F
 |   |   |- Guid:4D3BE93F4146AAAC8BBE79999D96D57F BaseClass: NativeClass:/Script/Engine.VolumetricCloud Name:VolumetricCloud_0 Label:VolumetricCloud SpatiallyLoaded:0 Bounds:IsValid=true, Min=(X=0.000 Y=0.000 Z=820.000), Max=(X=0.000 Y=0.000 Z=820.000) RuntimeGrid:None EditorOnly:0 RuntimeOnly:0 HLODRelevant:0 ListedInSceneOutliner:1 IsMainWorldOnly:0 FolderPath:Lighting FolderGuid:963EC3EB4002CCE9759E2EBA541A873A
 |   |   |- Guid:6BAF4DDD444C60371492D3919DB42C97 BaseClass: NativeClass:/Script/Engine.WorldDataLayers Name:WorldDataLayers Label:WorldDataLayers SpatiallyLoaded:0 Bounds:IsValid=true, Min=(X=0.000 Y=0.000 Z=0.000), Max=(X=0.000 Y=0.000 Z=0.000) RuntimeGrid:None EditorOnly:0 RuntimeOnly:0 HLODRelevant:0 ListedInSceneOutliner:1 IsMainWorldOnly:1
 |   |   |- Guid:6E3EAF314854F9ACDB0090AAB7B9FDC9 BaseClass: NativeClass:/Script/Engine.StaticMeshActor Name:StaticMeshActor_UAID_18C04D36BA5636D501_2113041596 Label:Lvl1_Platform_8 SpatiallyLoaded:1 Bounds:IsValid=true, Min=(X=-170.000 Y=-715.000 Z=2477.500), Max=(X=1230.000 Y=-665.000 Z=2502.500) RuntimeGrid:None EditorOnly:0 RuntimeOnly:0 HLODRelevant:1 ListedInSceneOutliner:1 IsMainWorldOnly:0 FolderPath:Obstacle_Course/Level_2 FolderGuid:2B49967F40F886F51A2B13B0A5067521
 |   |   |- Guid:846A85A746AFC3430A377DB5EDB7A355 BaseClass: NativeClass:/Script/Engine.StaticMeshActor Name:StaticMeshActor_UAID_18C04D36BA5636D501_2062888595 Label:Lvl1_Platform_7 SpatiallyLoaded:1 Bounds:IsValid=true, Min=(X=-1209.214 Y=-860.028 Z=2067.500), Max=(X=-70.786 Y=-139.972 Z=2092.500) RuntimeGrid:None EditorOnly:0 RuntimeOnly:0 HLODRelevant:1 ListedInSceneOutliner:1 IsMainWorldOnly:0 FolderPath:Obstacle_Course/Level_2 FolderGuid:2B49967F40F886F51A2B13B0A5067521
 |   |   |- Guid:905BE23344E1552B22D7429C6A53C44F BaseClass: NativeClass:/Script/Engine.StaticMeshActor Name:StaticMeshActor_UAID_18C04D36BA56EDD401_1902298746 Label:Lvl1_Platform_2 SpatiallyLoaded:1 Bounds:IsValid=true, Min=(X=522.500 Y=2105.000 Z=467.500), Max=(X=897.500 Y=2755.000 Z=492.500) RuntimeGrid:None EditorOnly:0 RuntimeOnly:0 HLODRelevant:1 ListedInSceneOutliner:1 IsMainWorldOnly:0 FolderPath:Obstacle_Course/Level_1/Platforms FolderGuid:46CA6E664B5AAB9F91787AA1872DCC3F
 |   |   |- Guid:99DF51E64D5C80C15C89E6A355497CD0 BaseClass: NativeClass:/Script/Engine.StaticMeshActor Name:StaticMeshActor_UAID_18C04D36BA56EDD401_2110367752 Label:Lvl1_Trampoline_2 SpatiallyLoaded:1 Bounds:IsValid=true, Min=(X=-240.000 Y=3180.000 Z=485.000), Max=(X=-40.000 Y=3380.000 Z=535.000) RuntimeGrid:None EditorOnly:0 RuntimeOnly:0 HLODRelevant:1 ListedInSceneOutliner:1 IsMainWorldOnly:0 FolderPath:Obstacle_Course/Level_1/Interactable FolderGuid:DFA96A9F4B1DC822422556B8EF1E1660
 |   |   |- Guid:9FF5AE1641FD69854F25C59C4C61D183 BaseClass: NativeClass:/Script/Engine.StaticMeshActor Name:StaticMeshActor_UAID_18C04D36BA5636D501_1899202593 Label:Lvl1_Teleporter2 SpatiallyLoaded:1 Bounds:IsValid=true, Min=(X=-3232.581 Y=1211.256 Z=2085.000), Max=(X=-3027.419 Y=1428.744 Z=2135.000) RuntimeGrid:None EditorOnly:0 RuntimeOnly:0 HLODRelevant:1 ListedInSceneOutliner:1 IsMainWorldOnly:0 FolderPath:Obstacle_Course/Level_2 FolderGuid:2B49967F40F886F51A2B13B0A5067521
 |   |   |- Guid:A624769D491508B6196A46869D64EF68 BaseClass: NativeClass:/Script/Engine.StaticMeshActor Name:StaticMeshActor_UAID_18C04D36BA56EDD401_2028286751 Label:Lvl1_Obstacle_Horizontal SpatiallyLoaded:1 Bounds:IsValid=true, Min=(X=280.000 Y=3115.000 Z=625.000), Max=(X=1180.000 Y=3165.000 Z=675.000) RuntimeGrid:None EditorOnly:0 RuntimeOnly:0 HLODRelevant:1 ListedInSceneOutliner:1 IsMainWorldOnly:0 Parent:33C6E6614049FC81997C3A850E4DBE8C FolderPath:Obstacle_Course/Level_1/Obstacles/Animated FolderGuid:186A9AF247AD691C8CDF0DA45DE3F915
 |   |   |- Guid:B785ED2844B84CFB91E7F39FE661CD99 BaseClass: NativeClass:/Script/Engine.DirectionalLight Name:DirectionalLight_0 Label:DirectionalLight SpatiallyLoaded:0 Bounds:IsValid=true, Min=(X=-1048576.000 Y=-1048576.000 Z=-1048576.000), Max=(X=1048576.000 Y=1048576.000 Z=1048576.000) RuntimeGrid:None EditorOnly:0 RuntimeOnly:0 HLODRelevant:0 ListedInSceneOutliner:1 IsMainWorldOnly:0 FolderPath:Lighting FolderGuid:963EC3EB4002CCE9759E2EBA541A873A
 |   |   |- Guid:BAEBDA0A427538BD9765A1B56DA24AAA BaseClass: NativeClass:/Script/Engine.StaticMeshActor Name:StaticMeshActor_UAID_18C04D36BA56EDD401_1938671748 Label:Lvl1_PlatformCircular SpatiallyLoaded:1 Bounds:IsValid=true, Min=(X=285.000 Y=2705.000 Z=467.500), Max=(X=1135.000 Y=3555.000 Z=492.500) RuntimeGrid:None EditorOnly:0 RuntimeOnly:0 HLODRelevant:1 ListedInSceneOutliner:1 IsMainWorldOnly:0 FolderPath:Obstacle_Course/Level_1/Platforms FolderGuid:46CA6E664B5AAB9F91787AA1872DCC3F
 |   |   |- Guid:C16C643A48EA0EF421F41BAF2ABA839E BaseClass: NativeClass:/Script/Engine.StaticMeshActor Name:StaticMeshActor_UAID_18C04D36BA56E9D401_1656110039 Label:Water SpatiallyLoaded:1 Bounds:IsValid=true, Min=(X=-4252.500 Y=-2475.000 Z=30.000), Max=(X=5972.500 Y=7875.000 Z=30.000) RuntimeGrid:None EditorOnly:0 RuntimeOnly:0 HLODRelevant:1 ListedInSceneOutliner:1 IsMainWorldOnly:0 FolderPath:Obstacle_Course FolderGuid:A5AF817D45BE1CC1949530A4147AFAA4
 |   |   |- Guid:CB9954184F93DE9FAE46E6A12201AF77 BaseClass: NativeClass:/Script/Engine.StaticMeshActor Name:StaticMeshActor_UAID_18C04D36BA5636D501_1842590592 Label:Lvl1_Platform_5 SpatiallyLoaded:1 Bounds:IsValid=true, Min=(X=-3396.754 Y=416.415 Z=2067.500), Max=(X=-2083.246 Y=1603.585 Z=2092.500) RuntimeGrid:None EditorOnly:0 RuntimeOnly:0 HLODRelevant:1 ListedInSceneOutliner:1 IsMainWorldOnly:0 FolderPath:Obstacle_Course/Level_2 FolderGuid:2B49967F40F886F51A2B13B0A5067521
 |   |   |- Guid:CCFF262C46EEFFDF319E7F9539CE697E BaseClass: NativeClass:/Script/Engine.SkyAtmosphere Name:SkyAtmosphere_0 Label:SkyAtmosphere SpatiallyLoaded:0 Bounds:IsValid=true, Min=(X=0.000 Y=0.000 Z=1020.000), Max=(X=0.000 Y=0.000 Z=1020.000) RuntimeGrid:None EditorOnly:0 RuntimeOnly:0 HLODRelevant:0 ListedInSceneOutliner:1 IsMainWorldOnly:0 FolderPath:Lighting FolderGuid:963EC3EB4002CCE9759E2EBA541A873A
 |   |   |- Guid:DAA6BFF94EFD2B0B8EBD559B57C4D616 BaseClass: NativeClass:/Script/Engine.StaticMeshActor Name:StaticMeshActor_UAID_18C04D36BA56EDD401_1783403743 Label:Lvl1_Wall_1 SpatiallyLoaded:1 Bounds:IsValid=true, Min=(X=522.500 Y=310.000 Z=490.000), Max=(X=897.500 Y=410.000 Z=590.000) RuntimeGrid:None EditorOnly:0 RuntimeOnly:0 HLODRelevant:1 ListedInSceneOutliner:1 IsMainWorldOnly:0 FolderPath:Obstacle_Course/Level_1/Obstacles/Walls FolderGuid:AFBA95214DDE3CA9F94CCA8266BD3B2E
 |   |   |- Guid:E7F6440644BB031027CAE9A6FF2E696D BaseClass: NativeClass:/Script/Engine.StaticMeshActor Name:StaticMeshActor_UAID_18C04D36BA5636D501_1623734591 Label:Cube SpatiallyLoaded:1 Bounds:IsValid=true, Min=(X=497.500 Y=-450.000 Z=32.500), Max=(X=522.500 Y=-350.000 Z=507.500) RuntimeGrid:None EditorOnly:0 RuntimeOnly:0 HLODRelevant:1 ListedInSceneOutliner:1 IsMainWorldOnly:0
 |   |   |- Guid:EC4E0C944CE6AC6E784BC6BB2916EA13 BaseClass: NativeClass:/Script/Engine.StaticMeshActor Name:StaticMeshActor_UAID_A4AE111137DC5EFB00_1110535423 Label:SM_SkySphere SpatiallyLoaded:0 Bounds:IsValid=true, Min=(X=-1638400.000 Y=-1638400.000 Z=-1638400.000), Max=(X=1638400.000 Y=1638400.000 Z=1638400.000) RuntimeGrid:None EditorOnly:0 RuntimeOnly:0 HLODRelevant:1 ListedInSceneOutliner:1 IsMainWorldOnly:0 FolderPath:Lighting FolderGuid:963EC3EB4002CCE9759E2EBA541A873A
 |   |   |- Guid:EF421DC941C3CDC0B9E3F0814C9192BA BaseClass: NativeClass:/Script/Engine.StaticMeshActor Name:StaticMeshActor_UAID_18C04D36BA56EED401_1075186930 Label:Lvl1_Teleporter SpatiallyLoaded:1 Bounds:IsValid=true, Min=(X=-1713.301 Y=2268.397 Z=485.000), Max=(X=-1526.699 Y=2491.603 Z=535.000) RuntimeGrid:None EditorOnly:0 RuntimeOnly:0 HLODRelevant:1 ListedInSceneOutliner:1 IsMainWorldOnly:0 FolderPath:Obstacle_Course/Level_1/Interactable FolderGuid:DFA96A9F4B1DC822422556B8EF1E1660
 |   |   |- Guid:F5E3FEB3450C49844FD93DA8E083C8AD BaseClass: NativeClass:/Script/Engine.PostProcessVolume Name:PostProcessVolume_0 Label:PostProcessVolume SpatiallyLoaded:0 Bounds:IsValid=true, Min=(X=0.000 Y=0.000 Z=400.000), Max=(X=200.000 Y=200.000 Z=600.000) RuntimeGrid:None EditorOnly:0 RuntimeOnly:0 HLODRelevant:0 ListedInSceneOutliner:1 IsMainWorldOnly:0 FolderPath:Lighting FolderGuid:963EC3EB4002CCE9759E2EBA541A873A
 |   |- [+] Clusters:
 |   |   |- [+] [  0]
 |   |   |   |- Guid:1D3101154D6BAEDD04D5E68744164E09 BaseClass: NativeClass:/Script/Engine.StaticMeshActor Name:StaticMeshActor_UAID_18C04D36BA5636D501_2039393594 Label:Lvl1_Platform_6 SpatiallyLoaded:1 Bounds:IsValid=true, Min=(X=-2222.301 Y=-359.102 Z=2067.500), Max=(X=-1117.699 Y=579.102 Z=2092.500) RuntimeGrid:None EditorOnly:0 RuntimeOnly:0 HLODRelevant:1 ListedInSceneOutliner:1 IsMainWorldOnly:0 FolderPath:Obstacle_Course/Level_2 FolderGuid:2B49967F40F886F51A2B13B0A5067521
 |   |   |- [+] [  1]
 |   |   |   |- Guid:2064948044031433C64AE3B1D05EFCF3 BaseClass: NativeClass:/Script/Engine.StaticMeshActor Name:StaticMeshActor_UAID_18C04D36BA56EDD401_1839608745 Label:Lvl1_Trampoline_1 SpatiallyLoaded:1 Bounds:IsValid=true, Min=(X=610.000 Y=1010.000 Z=485.000), Max=(X=810.000 Y=1210.000 Z=535.000) RuntimeGrid:None EditorOnly:0 RuntimeOnly:0 HLODRelevant:1 ListedInSceneOutliner:1 IsMainWorldOnly:0 FolderPath:Obstacle_Course/Level_1/Interactable FolderGuid:DFA96A9F4B1DC822422556B8EF1E1660
 |   |   |- [+] [  2]
 |   |   |   |- Guid:2F54C1124C4B6BEA6995D18316E6EC04 BaseClass: NativeClass:/Script/Engine.StaticMeshActor Name:StaticMeshActor_UAID_18C04D36BA56EDD401_1972941749 Label:Lvl1_Platform_3 SpatiallyLoaded:1 Bounds:IsValid=true, Min=(X=-322.622 Y=2998.913 Z=467.500), Max=(X=382.622 Y=3481.087 Z=492.500) RuntimeGrid:None EditorOnly:0 RuntimeOnly:0 HLODRelevant:1 ListedInSceneOutliner:1 IsMainWorldOnly:0 FolderPath:Obstacle_Course/Level_1/Platforms FolderGuid:46CA6E664B5AAB9F91787AA1872DCC3F
 |   |   |- [+] [  3]
 |   |   |   |- Guid:2FB58999456391D349DC0F86DAC136ED BaseClass: NativeClass:/Script/Engine.SkyLight Name:SkyLight_1 Label:SkyLight SpatiallyLoaded:0 Bounds:IsValid=true, Min=(X=0.000 Y=0.000 Z=690.000), Max=(X=0.000 Y=0.000 Z=690.000) RuntimeGrid:None EditorOnly:0 RuntimeOnly:0 HLODRelevant:0 ListedInSceneOutliner:1 IsMainWorldOnly:0 FolderPath:Lighting FolderGuid:963EC3EB4002CCE9759E2EBA541A873A
 |   |   |- [+] [  4]
 |   |   |   |- Guid:316CF2A6494ACA4C0E4180A87D36AB8F BaseClass: NativeClass:/Script/Engine.ExponentialHeightFog Name:ExponentialHeightFog_0 Label:ExponentialHeightFog SpatiallyLoaded:0 Bounds:IsValid=true, Min=(X=-5600.000 Y=-50.000 Z=-6850.000), Max=(X=-5600.000 Y=-50.000 Z=-6850.000) RuntimeGrid:None EditorOnly:0 RuntimeOnly:0 HLODRelevant:0 ListedInSceneOutliner:1 IsMainWorldOnly:0 FolderPath:Lighting FolderGuid:963EC3EB4002CCE9759E2EBA541A873A
 |   |   |- [+] [  5]
 |   |   |   |- Guid:324EB5EC4C6BB5E7008E50917E4C37F9 BaseClass: NativeClass:/Script/Engine.StaticMeshActor Name:StaticMeshActor_UAID_18C04D36BA56EDD401_1816194744 Label:Lvl1_Wall_2 SpatiallyLoaded:1 Bounds:IsValid=true, Min=(X=522.500 Y=700.000 Z=490.000), Max=(X=897.500 Y=800.000 Z=590.000) RuntimeGrid:None EditorOnly:0 RuntimeOnly:0 HLODRelevant:1 ListedInSceneOutliner:1 IsMainWorldOnly:0 FolderPath:Obstacle_Course/Level_1/Obstacles/Walls FolderGuid:AFBA95214DDE3CA9F94CCA8266BD3B2E
 |   |   |- [+] [  6]
 |   |   |   |- Guid:33C6E6614049FC81997C3A850E4DBE8C BaseClass: NativeClass:/Script/Engine.StaticMeshActor Name:StaticMeshActor_UAID_18C04D36BA56EDD401_1996414750 Label:Lvl1_Obstacle SpatiallyLoaded:1 Bounds:IsValid=true, Min=(X=642.500 Y=3052.500 Z=487.500), Max=(X=817.500 Y=3227.500 Z=812.500) RuntimeGrid:None EditorOnly:0 RuntimeOnly:0 HLODRelevant:1 ListedInSceneOutliner:1 IsMainWorldOnly:0 FolderPath:Obstacle_Course/Level_1/Obstacles/Animated FolderGuid:186A9AF247AD691C8CDF0DA45DE3F915
 |   |   |   |- Guid:A624769D491508B6196A46869D64EF68 BaseClass: NativeClass:/Script/Engine.StaticMeshActor Name:StaticMeshActor_UAID_18C04D36BA56EDD401_2028286751 Label:Lvl1_Obstacle_Horizontal SpatiallyLoaded:1 Bounds:IsValid=true, Min=(X=280.000 Y=3115.000 Z=625.000), Max=(X=1180.000 Y=3165.000 Z=675.000) RuntimeGrid:None EditorOnly:0 RuntimeOnly:0 HLODRelevant:1 ListedInSceneOutliner:1 IsMainWorldOnly:0 Parent:33C6E6614049FC81997C3A850E4DBE8C FolderPath:Obstacle_Course/Level_1/Obstacles/Animated FolderGuid:186A9AF247AD691C8CDF0DA45DE3F915
 |   |   |- [+] [  7]
 |   |   |   |- Guid:3A00AA1C422CE54C0BDB60BAF471BFBB BaseClass: NativeClass:/Script/Engine.PlayerStart Name:PlayerStart_0 Label:PlayerStart SpatiallyLoaded:0 Bounds:IsValid=true, Min=(X=670.000 Y=-410.000 Z=480.013), Max=(X=750.000 Y=-330.000 Z=664.013) RuntimeGrid:None EditorOnly:0 RuntimeOnly:0 HLODRelevant:0 ListedInSceneOutliner:1 IsMainWorldOnly:0 FolderPath:Obstacle_Course FolderGuid:A5AF817D45BE1CC1949530A4147AFAA4
 |   |   |- [+] [  8]
 |   |   |   |- Guid:4A266EB2490A127BD9E35585D9D36C62 BaseClass: NativeClass:/Script/Engine.StaticMeshActor Name:StaticMeshActor_UAID_18C04D36BA56E9D401_1744842040 Label:Lvl1_Platform_1 SpatiallyLoaded:1 Bounds:IsValid=true, Min=(X=522.500 Y=-670.000 Z=467.500), Max=(X=897.500 Y=1330.000 Z=492.500) RuntimeGrid:None EditorOnly:0 RuntimeOnly:0 HLODRelevant:1 ListedInSceneOutliner:1 IsMainWorldOnly:0 FolderPath:Obstacle_Course/Level_1/Platforms FolderGuid:46CA6E664B5AAB9F91787AA1872DCC3F
 |   |   |- [+] [  9]
 |   |   |   |- Guid:4D2DA31C4E5C9AE45200439E5869A466 BaseClass: NativeClass:/Script/Engine.StaticMeshActor Name:StaticMeshActor_UAID_18C04D36BA56EDD401_2123139753 Label:Lvl1_Platform_4 SpatiallyLoaded:1 Bounds:IsValid=true, Min=(X=-1873.365 Y=2117.620 Z=467.500), Max=(X=-646.635 Y=3042.380 Z=492.500) RuntimeGrid:None EditorOnly:0 RuntimeOnly:0 HLODRelevant:1 ListedInSceneOutliner:1 IsMainWorldOnly:0 FolderPath:Obstacle_Course/Level_1/Platforms FolderGuid:46CA6E664B5AAB9F91787AA1872DCC3F
 |   |   |- [+] [ 10]
 |   |   |   |- Guid:4D3BE93F4146AAAC8BBE79999D96D57F BaseClass: NativeClass:/Script/Engine.VolumetricCloud Name:VolumetricCloud_0 Label:VolumetricCloud SpatiallyLoaded:0 Bounds:IsValid=true, Min=(X=0.000 Y=0.000 Z=820.000), Max=(X=0.000 Y=0.000 Z=820.000) RuntimeGrid:None EditorOnly:0 RuntimeOnly:0 HLODRelevant:0 ListedInSceneOutliner:1 IsMainWorldOnly:0 FolderPath:Lighting FolderGuid:963EC3EB4002CCE9759E2EBA541A873A
 |   |   |- [+] [ 11]
 |   |   |   |- Guid:6BAF4DDD444C60371492D3919DB42C97 BaseClass: NativeClass:/Script/Engine.WorldDataLayers Name:WorldDataLayers Label:WorldDataLayers SpatiallyLoaded:0 Bounds:IsValid=true, Min=(X=0.000 Y=0.000 Z=0.000), Max=(X=0.000 Y=0.000 Z=0.000) RuntimeGrid:None EditorOnly:0 RuntimeOnly:0 HLODRelevant:0 ListedInSceneOutliner:1 IsMainWorldOnly:1
 |   |   |- [+] [ 12]
 |   |   |   |- Guid:6E3EAF314854F9ACDB0090AAB7B9FDC9 BaseClass: NativeClass:/Script/Engine.StaticMeshActor Name:StaticMeshActor_UAID_18C04D36BA5636D501_2113041596 Label:Lvl1_Platform_8 SpatiallyLoaded:1 Bounds:IsValid=true, Min=(X=-170.000 Y=-715.000 Z=2477.500), Max=(X=1230.000 Y=-665.000 Z=2502.500) RuntimeGrid:None EditorOnly:0 RuntimeOnly:0 HLODRelevant:1 ListedInSceneOutliner:1 IsMainWorldOnly:0 FolderPath:Obstacle_Course/Level_2 FolderGuid:2B49967F40F886F51A2B13B0A5067521
 |   |   |- [+] [ 13]
 |   |   |   |- Guid:846A85A746AFC3430A377DB5EDB7A355 BaseClass: NativeClass:/Script/Engine.StaticMeshActor Name:StaticMeshActor_UAID_18C04D36BA5636D501_2062888595 Label:Lvl1_Platform_7 SpatiallyLoaded:1 Bounds:IsValid=true, Min=(X=-1209.214 Y=-860.028 Z=2067.500), Max=(X=-70.786 Y=-139.972 Z=2092.500) RuntimeGrid:None EditorOnly:0 RuntimeOnly:0 HLODRelevant:1 ListedInSceneOutliner:1 IsMainWorldOnly:0 FolderPath:Obstacle_Course/Level_2 FolderGuid:2B49967F40F886F51A2B13B0A5067521
 |   |   |- [+] [ 14]
 |   |   |   |- Guid:905BE23344E1552B22D7429C6A53C44F BaseClass: NativeClass:/Script/Engine.StaticMeshActor Name:StaticMeshActor_UAID_18C04D36BA56EDD401_1902298746 Label:Lvl1_Platform_2 SpatiallyLoaded:1 Bounds:IsValid=true, Min=(X=522.500 Y=2105.000 Z=467.500), Max=(X=897.500 Y=2755.000 Z=492.500) RuntimeGrid:None EditorOnly:0 RuntimeOnly:0 HLODRelevant:1 ListedInSceneOutliner:1 IsMainWorldOnly:0 FolderPath:Obstacle_Course/Level_1/Platforms FolderGuid:46CA6E664B5AAB9F91787AA1872DCC3F
 |   |   |- [+] [ 15]
 |   |   |   |- Guid:99DF51E64D5C80C15C89E6A355497CD0 BaseClass: NativeClass:/Script/Engine.StaticMeshActor Name:StaticMeshActor_UAID_18C04D36BA56EDD401_2110367752 Label:Lvl1_Trampoline_2 SpatiallyLoaded:1 Bounds:IsValid=true, Min=(X=-240.000 Y=3180.000 Z=485.000), Max=(X=-40.000 Y=3380.000 Z=535.000) RuntimeGrid:None EditorOnly:0 RuntimeOnly:0 HLODRelevant:1 ListedInSceneOutliner:1 IsMainWorldOnly:0 FolderPath:Obstacle_Course/Level_1/Interactable FolderGuid:DFA96A9F4B1DC822422556B8EF1E1660
 |   |   |- [+] [ 16]
 |   |   |   |- Guid:9FF5AE1641FD69854F25C59C4C61D183 BaseClass: NativeClass:/Script/Engine.StaticMeshActor Name:StaticMeshActor_UAID_18C04D36BA5636D501_1899202593 Label:Lvl1_Teleporter2 SpatiallyLoaded:1 Bounds:IsValid=true, Min=(X=-3232.581 Y=1211.256 Z=2085.000), Max=(X=-3027.419 Y=1428.744 Z=2135.000) RuntimeGrid:None EditorOnly:0 RuntimeOnly:0 HLODRelevant:1 ListedInSceneOutliner:1 IsMainWorldOnly:0 FolderPath:Obstacle_Course/Level_2 FolderGuid:2B49967F40F886F51A2B13B0A5067521
 |   |   |- [+] [ 17]
 |   |   |   |- Guid:B785ED2844B84CFB91E7F39FE661CD99 BaseClass: NativeClass:/Script/Engine.DirectionalLight Name:DirectionalLight_0 Label:DirectionalLight SpatiallyLoaded:0 Bounds:IsValid=true, Min=(X=-1048576.000 Y=-1048576.000 Z=-1048576.000), Max=(X=1048576.000 Y=1048576.000 Z=1048576.000) RuntimeGrid:None EditorOnly:0 RuntimeOnly:0 HLODRelevant:0 ListedInSceneOutliner:1 IsMainWorldOnly:0 FolderPath:Lighting FolderGuid:963EC3EB4002CCE9759E2EBA541A873A
 |   |   |- [+] [ 18]
 |   |   |   |- Guid:BAEBDA0A427538BD9765A1B56DA24AAA BaseClass: NativeClass:/Script/Engine.StaticMeshActor Name:StaticMeshActor_UAID_18C04D36BA56EDD401_1938671748 Label:Lvl1_PlatformCircular SpatiallyLoaded:1 Bounds:IsValid=true, Min=(X=285.000 Y=2705.000 Z=467.500), Max=(X=1135.000 Y=3555.000 Z=492.500) RuntimeGrid:None EditorOnly:0 RuntimeOnly:0 HLODRelevant:1 ListedInSceneOutliner:1 IsMainWorldOnly:0 FolderPath:Obstacle_Course/Level_1/Platforms FolderGuid:46CA6E664B5AAB9F91787AA1872DCC3F
 |   |   |- [+] [ 19]
 |   |   |   |- Guid:C16C643A48EA0EF421F41BAF2ABA839E BaseClass: NativeClass:/Script/Engine.StaticMeshActor Name:StaticMeshActor_UAID_18C04D36BA56E9D401_1656110039 Label:Water SpatiallyLoaded:1 Bounds:IsValid=true, Min=(X=-4252.500 Y=-2475.000 Z=30.000), Max=(X=5972.500 Y=7875.000 Z=30.000) RuntimeGrid:None EditorOnly:0 RuntimeOnly:0 HLODRelevant:1 ListedInSceneOutliner:1 IsMainWorldOnly:0 FolderPath:Obstacle_Course FolderGuid:A5AF817D45BE1CC1949530A4147AFAA4
 |   |   |- [+] [ 20]
 |   |   |   |- Guid:CB9954184F93DE9FAE46E6A12201AF77 BaseClass: NativeClass:/Script/Engine.StaticMeshActor Name:StaticMeshActor_UAID_18C04D36BA5636D501_1842590592 Label:Lvl1_Platform_5 SpatiallyLoaded:1 Bounds:IsValid=true, Min=(X=-3396.754 Y=416.415 Z=2067.500), Max=(X=-2083.246 Y=1603.585 Z=2092.500) RuntimeGrid:None EditorOnly:0 RuntimeOnly:0 HLODRelevant:1 ListedInSceneOutliner:1 IsMainWorldOnly:0 FolderPath:Obstacle_Course/Level_2 FolderGuid:2B49967F40F886F51A2B13B0A5067521
 |   |   |- [+] [ 21]
 |   |   |   |- Guid:CCFF262C46EEFFDF319E7F9539CE697E BaseClass: NativeClass:/Script/Engine.SkyAtmosphere Name:SkyAtmosphere_0 Label:SkyAtmosphere SpatiallyLoaded:0 Bounds:IsValid=true, Min=(X=0.000 Y=0.000 Z=1020.000), Max=(X=0.000 Y=0.000 Z=1020.000) RuntimeGrid:None EditorOnly:0 RuntimeOnly:0 HLODRelevant:0 ListedInSceneOutliner:1 IsMainWorldOnly:0 FolderPath:Lighting FolderGuid:963EC3EB4002CCE9759E2EBA541A873A
 |   |   |- [+] [ 22]
 |   |   |   |- Guid:DAA6BFF94EFD2B0B8EBD559B57C4D616 BaseClass: NativeClass:/Script/Engine.StaticMeshActor Name:StaticMeshActor_UAID_18C04D36BA56EDD401_1783403743 Label:Lvl1_Wall_1 SpatiallyLoaded:1 Bounds:IsValid=true, Min=(X=522.500 Y=310.000 Z=490.000), Max=(X=897.500 Y=410.000 Z=590.000) RuntimeGrid:None EditorOnly:0 RuntimeOnly:0 HLODRelevant:1 ListedInSceneOutliner:1 IsMainWorldOnly:0 FolderPath:Obstacle_Course/Level_1/Obstacles/Walls FolderGuid:AFBA95214DDE3CA9F94CCA8266BD3B2E
 |   |   |- [+] [ 23]
 |   |   |   |- Guid:E7F6440644BB031027CAE9A6FF2E696D BaseClass: NativeClass:/Script/Engine.StaticMeshActor Name:StaticMeshActor_UAID_18C04D36BA5636D501_1623734591 Label:Cube SpatiallyLoaded:1 Bounds:IsValid=true, Min=(X=497.500 Y=-450.000 Z=32.500), Max=(X=522.500 Y=-350.000 Z=507.500) RuntimeGrid:None EditorOnly:0 RuntimeOnly:0 HLODRelevant:1 ListedInSceneOutliner:1 IsMainWorldOnly:0
 |   |   |- [+] [ 24]
 |   |   |   |- Guid:EC4E0C944CE6AC6E784BC6BB2916EA13 BaseClass: NativeClass:/Script/Engine.StaticMeshActor Name:StaticMeshActor_UAID_A4AE111137DC5EFB00_1110535423 Label:SM_SkySphere SpatiallyLoaded:0 Bounds:IsValid=true, Min=(X=-1638400.000 Y=-1638400.000 Z=-1638400.000), Max=(X=1638400.000 Y=1638400.000 Z=1638400.000) RuntimeGrid:None EditorOnly:0 RuntimeOnly:0 HLODRelevant:1 ListedInSceneOutliner:1 IsMainWorldOnly:0 FolderPath:Lighting FolderGuid:963EC3EB4002CCE9759E2EBA541A873A
 |   |   |- [+] [ 25]
 |   |   |   |- Guid:EF421DC941C3CDC0B9E3F0814C9192BA BaseClass: NativeClass:/Script/Engine.StaticMeshActor Name:StaticMeshActor_UAID_18C04D36BA56EED401_1075186930 Label:Lvl1_Teleporter SpatiallyLoaded:1 Bounds:IsValid=true, Min=(X=-1713.301 Y=2268.397 Z=485.000), Max=(X=-1526.699 Y=2491.603 Z=535.000) RuntimeGrid:None EditorOnly:0 RuntimeOnly:0 HLODRelevant:1 ListedInSceneOutliner:1 IsMainWorldOnly:0 FolderPath:Obstacle_Course/Level_1/Interactable FolderGuid:DFA96A9F4B1DC822422556B8EF1E1660
 |   |   |- [+] [ 26]
 |   |   |   |- Guid:F5E3FEB3450C49844FD93DA8E083C8AD BaseClass: NativeClass:/Script/Engine.PostProcessVolume Name:PostProcessVolume_0 Label:PostProcessVolume SpatiallyLoaded:0 Bounds:IsValid=true, Min=(X=0.000 Y=0.000 Z=400.000), Max=(X=200.000 Y=200.000 Z=600.000) RuntimeGrid:None EditorOnly:0 RuntimeOnly:0 HLODRelevant:0 ListedInSceneOutliner:1 IsMainWorldOnly:0 FolderPath:Lighting FolderGuid:963EC3EB4002CCE9759E2EBA541A873A
 |- ContainerInstances:
 |- [+] MainContainer:
 |   |-        ID: 00000000000000000000000000000000
 |   |-  ParentID: 00000000000000000000000000000000
 |   |-    Bounds: IsValid=false, Min=(X=0.000 Y=0.000 Z=0.000), Max=(X=0.000 Y=0.000 Z=0.000)
 |   |- Transform: 0.000000,0.000000,0.000000|0.000000,0.000000,-0.000000|1.000000,1.000000,1.000000
 |   |- Container: /Game/ThirdPerson/Maps/ThirdPersonMap
----------------------------------------------------------------------------------------------------------------
ThirdPersonMap - Persistent Level
----------------------------------------------------------------------------------------------------------------
[+] Content of ThirdPersonMap Persistent Level
 |- Always loaded Actor Count: 35 
 |- Actor Path: /Game/ThirdPerson/Maps/ThirdPersonMap.ThirdPersonMap:PersistentLevel.AbstractNavData-Default
 |- Actor Package: /Game/ThirdPerson/Maps/ThirdPersonMap
 |- Actor Path: /Game/ThirdPerson/Maps/ThirdPersonMap.ThirdPersonMap:PersistentLevel.Brush_0
 |- Actor Package: /Game/ThirdPerson/Maps/ThirdPersonMap
 |- Actor Path: /Game/ThirdPerson/Maps/ThirdPersonMap.ThirdPersonMap:PersistentLevel.DefaultPhysicsVolume_0
 |- Actor Package: /Game/ThirdPerson/Maps/ThirdPersonMap
 |- Actor Path: /Game/ThirdPerson/Maps/ThirdPersonMap.ThirdPersonMap:PersistentLevel.DirectionalLight_0
 |- Actor Package: /Game/__ExternalActors__/ThirdPerson/Maps/ThirdPersonMap/5/R1/TS5OQ5CRUWFZYL1ZQ7I416
 |- Actor Path: /Game/ThirdPerson/Maps/ThirdPersonMap.ThirdPersonMap:PersistentLevel.ExponentialHeightFog_0
 |- Actor Package: /Game/__ExternalActors__/ThirdPerson/Maps/ThirdPersonMap/6/J7/N10XDC9G27EMLS5AGZ6AVV
 |- Actor Path: /Game/ThirdPerson/Maps/ThirdPersonMap.ThirdPersonMap:PersistentLevel.GameplayDebuggerPlayerManager_0
 |- Actor Package: /Game/ThirdPerson/Maps/ThirdPersonMap
 |- Actor Path: /Game/ThirdPerson/Maps/ThirdPersonMap.ThirdPersonMap:PersistentLevel.PlayerStart_0
 |- Actor Package: /Game/__ExternalActors__/ThirdPerson/Maps/ThirdPersonMap/D/DE/SWSI13675DVYIZ0N4NF7Y3
 |- Actor Path: /Game/ThirdPerson/Maps/ThirdPersonMap.ThirdPersonMap:PersistentLevel.PostProcessVolume_0
 |- Actor Package: /Game/__ExternalActors__/ThirdPerson/Maps/ThirdPersonMap/1/AZ/A7GPT109Y6ZTTJD4A7TXER
 |- Actor Path: /Game/ThirdPerson/Maps/ThirdPersonMap.ThirdPersonMap:PersistentLevel.SkyAtmosphere_0
 |- Actor Package: /Game/__ExternalActors__/ThirdPerson/Maps/ThirdPersonMap/4/LN/30UBDLYFFA5ZR7U4W4L4GG
 |- Actor Path: /Game/ThirdPerson/Maps/ThirdPersonMap.ThirdPersonMap:PersistentLevel.SkyLight_1
 |- Actor Package: /Game/__ExternalActors__/ThirdPerson/Maps/ThirdPersonMap/8/S1/DXUWD12MD3HRWVVXX076BY
 |- Actor Path: /Game/ThirdPerson/Maps/ThirdPersonMap.ThirdPersonMap:PersistentLevel.StaticMeshActor_UAID_18C04D36BA5636D501_1623734591
 |- Actor Package: /Game/__ExternalActors__/ThirdPerson/Maps/ThirdPersonMap/C/YU/ESGKMFRXSUEWX30IWSZPDU
 |- Actor Path: /Game/ThirdPerson/Maps/ThirdPersonMap.ThirdPersonMap:PersistentLevel.StaticMeshActor_UAID_18C04D36BA5636D501_1842590592
 |- Actor Package: /Game/__ExternalActors__/ThirdPerson/Maps/ThirdPersonMap/6/YM/FAEK6MCRK1WE7W357GTDIX
 |- Actor Path: /Game/ThirdPerson/Maps/ThirdPersonMap.ThirdPersonMap:PersistentLevel.StaticMeshActor_UAID_18C04D36BA5636D501_1899202593
 |- Actor Package: /Game/__ExternalActors__/ThirdPerson/Maps/ThirdPersonMap/B/RG/2W9K8OGDMPCXK07Z2L09L1
 |- Actor Path: /Game/ThirdPerson/Maps/ThirdPersonMap.ThirdPersonMap:PersistentLevel.StaticMeshActor_UAID_18C04D36BA5636D501_2039393594
 |- Actor Package: /Game/__ExternalActors__/ThirdPerson/Maps/ThirdPersonMap/1/RG/F4MKJAY1GF59G311RNLDY8
 |- Actor Path: /Game/ThirdPerson/Maps/ThirdPersonMap.ThirdPersonMap:PersistentLevel.StaticMeshActor_UAID_18C04D36BA5636D501_2062888595
 |- Actor Package: /Game/__ExternalActors__/ThirdPerson/Maps/ThirdPersonMap/D/03/BY6ZR7WFYJLPQ6EWBA5XVZ
 |- Actor Path: /Game/ThirdPerson/Maps/ThirdPersonMap.ThirdPersonMap:PersistentLevel.StaticMeshActor_UAID_18C04D36BA5636D501_2113041596
 |- Actor Package: /Game/__ExternalActors__/ThirdPerson/Maps/ThirdPersonMap/7/FP/0J45WKWCR8L536JZ74XYIC
 |- Actor Path: /Game/ThirdPerson/Maps/ThirdPersonMap.ThirdPersonMap:PersistentLevel.StaticMeshActor_UAID_18C04D36BA56E9D401_1656110039
 |- Actor Package: /Game/__ExternalActors__/ThirdPerson/Maps/ThirdPersonMap/2/XD/E6CMD9V9OZ6UJO3MCUPE51
 |- Actor Path: /Game/ThirdPerson/Maps/ThirdPersonMap.ThirdPersonMap:PersistentLevel.StaticMeshActor_UAID_18C04D36BA56E9D401_1744842040
 |- Actor Package: /Game/__ExternalActors__/ThirdPerson/Maps/ThirdPersonMap/0/42/ENYZMYJIET6J4A845NS6CU
 |- Actor Path: /Game/ThirdPerson/Maps/ThirdPersonMap.ThirdPersonMap:PersistentLevel.StaticMeshActor_UAID_18C04D36BA56EDD401_1783403743
 |- Actor Package: /Game/__ExternalActors__/ThirdPerson/Maps/ThirdPersonMap/B/JX/6NX1OU07JHJLA50551YQ8N
 |- Actor Path: /Game/ThirdPerson/Maps/ThirdPersonMap.ThirdPersonMap:PersistentLevel.StaticMeshActor_UAID_18C04D36BA56EDD401_1816194744
 |- Actor Package: /Game/__ExternalActors__/ThirdPerson/Maps/ThirdPersonMap/7/QD/N4THC9QMOQZQC8RVLR7VJ7
 |- Actor Path: /Game/ThirdPerson/Maps/ThirdPersonMap.ThirdPersonMap:PersistentLevel.StaticMeshActor_UAID_18C04D36BA56EDD401_1839608745
 |- Actor Package: /Game/__ExternalActors__/ThirdPerson/Maps/ThirdPersonMap/0/S3/M2WNL05A5IQ9XKQMR5W8D2
 |- Actor Path: /Game/ThirdPerson/Maps/ThirdPersonMap.ThirdPersonMap:PersistentLevel.StaticMeshActor_UAID_18C04D36BA56EDD401_1902298746
 |- Actor Package: /Game/__ExternalActors__/ThirdPerson/Maps/ThirdPersonMap/A/5J/6F6R63ZGV3FX79TSAW6CPF
 |- Actor Path: /Game/ThirdPerson/Maps/ThirdPersonMap.ThirdPersonMap:PersistentLevel.StaticMeshActor_UAID_18C04D36BA56EDD401_1938671748
 |- Actor Package: /Game/__ExternalActors__/ThirdPerson/Maps/ThirdPersonMap/9/PI/FCDL2A3B3RO8MMUL8EEDYC
 |- Actor Path: /Game/ThirdPerson/Maps/ThirdPersonMap.ThirdPersonMap:PersistentLevel.StaticMeshActor_UAID_18C04D36BA56EDD401_1972941749
 |- Actor Package: /Game/__ExternalActors__/ThirdPerson/Maps/ThirdPersonMap/F/0N/LSKS0J37DEB1ID0U7B4RS9
 |- Actor Path: /Game/ThirdPerson/Maps/ThirdPersonMap.ThirdPersonMap:PersistentLevel.StaticMeshActor_UAID_18C04D36BA56EDD401_1996414750
 |- Actor Package: /Game/__ExternalActors__/ThirdPerson/Maps/ThirdPersonMap/B/YI/T5D4HR8D3AU9QCX3LTXS8B
 |- Actor Path: /Game/ThirdPerson/Maps/ThirdPersonMap.ThirdPersonMap:PersistentLevel.StaticMeshActor_UAID_18C04D36BA56EDD401_2028286751
 |- Actor Package: /Game/__ExternalActors__/ThirdPerson/Maps/ThirdPersonMap/A/76/YCGIQO8C9H21OQQS35JT33
 |- Actor Path: /Game/ThirdPerson/Maps/ThirdPersonMap.ThirdPersonMap:PersistentLevel.StaticMeshActor_UAID_18C04D36BA56EDD401_2110367752
 |- Actor Package: /Game/__ExternalActors__/ThirdPerson/Maps/ThirdPersonMap/B/0E/MU00DT81MLHP8VS7Y0ITU5
 |- Actor Path: /Game/ThirdPerson/Maps/ThirdPersonMap.ThirdPersonMap:PersistentLevel.StaticMeshActor_UAID_18C04D36BA56EDD401_2123139753
 |- Actor Package: /Game/__ExternalActors__/ThirdPerson/Maps/ThirdPersonMap/8/3J/42OW5YXCTCLL71R38XQNP0
 |- Actor Path: /Game/ThirdPerson/Maps/ThirdPersonMap.ThirdPersonMap:PersistentLevel.StaticMeshActor_UAID_18C04D36BA56EED401_1075186930
 |- Actor Package: /Game/__ExternalActors__/ThirdPerson/Maps/ThirdPersonMap/5/OC/SD3NI1ZGG76KU3BI86A0WX
 |- Actor Path: /Game/ThirdPerson/Maps/ThirdPersonMap.ThirdPersonMap:PersistentLevel.StaticMeshActor_UAID_A4AE111137DC5EFB00_1110535423
 |- Actor Package: /Game/__ExternalActors__/ThirdPerson/Maps/ThirdPersonMap/4/PN/2QISIGK5DJNQ05US8O8FXW
 |- Actor Path: /Game/ThirdPerson/Maps/ThirdPersonMap.ThirdPersonMap:PersistentLevel.ThirdPersonExampleMap_C_0
 |- Actor Package: /Game/ThirdPerson/Maps/ThirdPersonMap
 |- Actor Path: /Game/ThirdPerson/Maps/ThirdPersonMap.ThirdPersonMap:PersistentLevel.VolumetricCloud_0
 |- Actor Package: /Game/__ExternalActors__/ThirdPerson/Maps/ThirdPersonMap/3/EY/87SHEJN5UBEAN2K5OV1G6R
 |- Actor Path: /Game/ThirdPerson/Maps/ThirdPersonMap.ThirdPersonMap:PersistentLevel.WorldDataLayers
 |- Actor Package: /Game/__ExternalActors__/ThirdPerson/Maps/ThirdPersonMap/0/43/HYQWORMY4JDQ5X3OKZXFLC
 |- Actor Path: /Game/ThirdPerson/Maps/ThirdPersonMap.ThirdPersonMap:PersistentLevel.WorldInfo_0
 |- Actor Package: /Game/ThirdPerson/Maps/ThirdPersonMap
 |- Actor Path: /Game/ThirdPerson/Maps/ThirdPersonMap.ThirdPersonMap:PersistentLevel.WorldPartitionMiniMap_0
 |- Actor Package: /Game/__ExternalActors__/ThirdPerson/Maps/ThirdPersonMap/E/FR/LBG6LPN5JCL3FMVSI2CK6R

----------------------------------------------------------------------------------------------------------------
ThirdPersonMap - Runtime Spatial Hash - Streaming Grid - MainGrid
----------------------------------------------------------------------------------------------------------------
            Origin: X=0.000 Y=0.000 Z=0.000
         Cell Size: 12800
      World Bounds: IsValid=false, Min=(X=0.000 Y=0.000 Z=0.000), Max=(X=0.000 Y=0.000 Z=0.000)
     Loading Range: 25600.00
Block Slow Loading: No
 ClientOnlyVisible: No
            Origin: X=0.000 Y=0.000 Z=0.000

[+] Grid Levels: 1
 |- Level  0: Cell Count    0 | Cell Size   12800 | Actor Count    0 (0.0%)

[+] Content of Grid Level 0

